This is pdfTeX, Version 3.1415926-2.3-1.40.12 (MiKTeX 2.9) (preloaded format=pdflatex 2012.12.19)  11 APR 2014 13:55
entering extended mode
**EGRET.tex
(C:\Users\jlthomps\Desktop\git\EGRET\vignettes\EGRET.tex
LaTeX2e <2011/06/27>
Babel <v3.8m> and hyphenation patterns for english, afrikaans, ancientgreek, ar
abic, armenian, assamese, basque, bengali, bokmal, bulgarian, catalan, coptic, 
croatian, czech, danish, dutch, esperanto, estonian, farsi, finnish, french, ga
lician, german, german-x-2009-06-19, greek, gujarati, hindi, hungarian, iceland
ic, indonesian, interlingua, irish, italian, kannada, kurmanji, lao, latin, lat
vian, lithuanian, malayalam, marathi, mongolian, mongolianlmc, monogreek, ngerm
an, ngerman-x-2009-06-19, nynorsk, oriya, panjabi, pinyin, polish, portuguese, 
romanian, russian, sanskrit, serbian, slovak, slovenian, spanish, swedish, swis
sgerman, tamil, telugu, turkish, turkmen, ukenglish, ukrainian, uppersorbian, u
senglishmax, welsh, loaded.
("C:\Program Files (x86)\MiKTeX 2.9\tex\latex\base\article.cls"
Document Class: article 2007/10/19 v1.4h Standard LaTeX document class
("C:\Program Files (x86)\MiKTeX 2.9\tex\latex\base\size11.clo"
File: size11.clo 2007/10/19 v1.4h Standard LaTeX file (size option)
)
\c@part=\count79
\c@section=\count80
\c@subsection=\count81
\c@subsubsection=\count82
\c@paragraph=\count83
\c@subparagraph=\count84
\c@figure=\count85
\c@table=\count86
\abovecaptionskip=\skip41
\belowcaptionskip=\skip42
\bibindent=\dimen102
)
("C:\Program Files (x86)\MiKTeX 2.9\tex\latex\graphics\graphicx.sty"
Package: graphicx 1999/02/16 v1.0f Enhanced LaTeX Graphics (DPC,SPQR)

("C:\Program Files (x86)\MiKTeX 2.9\tex\latex\graphics\keyval.sty"
Package: keyval 1999/03/16 v1.13 key=value parser (DPC)
\KV@toks@=\toks14
)
("C:\Program Files (x86)\MiKTeX 2.9\tex\latex\graphics\graphics.sty"
Package: graphics 2009/02/05 v1.0o Standard LaTeX Graphics (DPC,SPQR)

("C:\Program Files (x86)\MiKTeX 2.9\tex\latex\graphics\trig.sty"
Package: trig 1999/03/16 v1.09 sin cos tan (DPC)
)
("C:\Program Files (x86)\MiKTeX 2.9\tex\latex\00miktex\graphics.cfg"
File: graphics.cfg 2007/01/18 v1.5 graphics configuration of teTeX/TeXLive
)
Package graphics Info: Driver file: pdftex.def on input line 91.

("C:\Program Files (x86)\MiKTeX 2.9\tex\latex\pdftex-def\pdftex.def"
File: pdftex.def 2011/05/27 v0.06d Graphics/color for pdfTeX

("C:\Program Files (x86)\MiKTeX 2.9\tex\generic\oberdiek\infwarerr.sty"
Package: infwarerr 2010/04/08 v1.3 Providing info/warning/error messages (HO)
)
("C:\Program Files (x86)\MiKTeX 2.9\tex\generic\oberdiek\ltxcmds.sty"
Package: ltxcmds 2011/11/09 v1.22 LaTeX kernel commands for general use (HO)
)
\Gread@gobject=\count87
))
\Gin@req@height=\dimen103
\Gin@req@width=\dimen104
)
("C:\Program Files (x86)\MiKTeX 2.9\tex\latex\graphics\color.sty"
Package: color 2005/11/14 v1.0j Standard LaTeX Color (DPC)

("C:\Program Files (x86)\MiKTeX 2.9\tex\latex\00miktex\color.cfg"
File: color.cfg 2007/01/18 v1.5 color configuration of teTeX/TeXLive
)
Package color Info: Driver file: pdftex.def on input line 130.
)
(C:\Users\jlthomps\Desktop\git\EGRET\vignettes\framed.sty
Package: framed 2007/10/04 v 0.95: framed or shaded text with page breaks
\fb@frw=\dimen105
\fb@frh=\dimen106
\FrameRule=\dimen107
\FrameSep=\dimen108
)
("C:\Program Files (x86)\MiKTeX 2.9\tex\latex\base\alltt.sty"
Package: alltt 1997/06/16 v2.0g defines alltt environment
)
("C:\Program Files (x86)\MiKTeX 2.9\tex\latex\ams\math\amsmath.sty"
Package: amsmath 2000/07/18 v2.13 AMS math features
\@mathmargin=\skip43

For additional information on amsmath, use the `?' option.
("C:\Program Files (x86)\MiKTeX 2.9\tex\latex\ams\math\amstext.sty"
Package: amstext 2000/06/29 v2.01

("C:\Program Files (x86)\MiKTeX 2.9\tex\latex\ams\math\amsgen.sty"
File: amsgen.sty 1999/11/30 v2.0
\@emptytoks=\toks15
\ex@=\dimen109
))
("C:\Program Files (x86)\MiKTeX 2.9\tex\latex\ams\math\amsbsy.sty"
Package: amsbsy 1999/11/29 v1.2d
\pmbraise@=\dimen110
)
("C:\Program Files (x86)\MiKTeX 2.9\tex\latex\ams\math\amsopn.sty"
Package: amsopn 1999/12/14 v2.01 operator names
)
\inf@bad=\count88
LaTeX Info: Redefining \frac on input line 211.
\uproot@=\count89
\leftroot@=\count90
LaTeX Info: Redefining \overline on input line 307.
\classnum@=\count91
\DOTSCASE@=\count92
LaTeX Info: Redefining \ldots on input line 379.
LaTeX Info: Redefining \dots on input line 382.
LaTeX Info: Redefining \cdots on input line 467.
\Mathstrutbox@=\box26
\strutbox@=\box27
\big@size=\dimen111
LaTeX Font Info:    Redeclaring font encoding OML on input line 567.
LaTeX Font Info:    Redeclaring font encoding OMS on input line 568.
\macc@depth=\count93
\c@MaxMatrixCols=\count94
\dotsspace@=\muskip10
\c@parentequation=\count95
\dspbrk@lvl=\count96
\tag@help=\toks16
\row@=\count97
\column@=\count98
\maxfields@=\count99
\andhelp@=\toks17
\eqnshift@=\dimen112
\alignsep@=\dimen113
\tagshift@=\dimen114
\tagwidth@=\dimen115
\totwidth@=\dimen116
\lineht@=\dimen117
\@envbody=\toks18
\multlinegap=\skip44
\multlinetaggap=\skip45
\mathdisplay@stack=\toks19
LaTeX Info: Redefining \[ on input line 2666.
LaTeX Info: Redefining \] on input line 2667.
)
("C:\Program Files (x86)\MiKTeX 2.9\tex\latex\psnfss\times.sty"
Package: times 2005/04/12 PSNFSS-v9.2a (SPQR) 
)
("C:\Program Files (x86)\MiKTeX 2.9\tex\latex\hyperref\hyperref.sty"
Package: hyperref 2012/05/13 v6.82q Hypertext links for LaTeX

("C:\Program Files (x86)\MiKTeX 2.9\tex\generic\oberdiek\hobsub-hyperref.sty"
Package: hobsub-hyperref 2012/04/25 v1.12 Bundle oberdiek, subset hyperref (HO)


("C:\Program Files (x86)\MiKTeX 2.9\tex\generic\oberdiek\hobsub-generic.sty"
Package: hobsub-generic 2012/04/25 v1.12 Bundle oberdiek, subset generic (HO)
Package: hobsub 2012/04/25 v1.12 Construct package bundles (HO)
Package hobsub Info: Skipping package `infwarerr' (already loaded).
Package hobsub Info: Skipping package `ltxcmds' (already loaded).
Package: ifluatex 2010/03/01 v1.3 Provides the ifluatex switch (HO)
Package ifluatex Info: LuaTeX not detected.
Package: ifvtex 2010/03/01 v1.5 Detect VTeX and its facilities (HO)
Package ifvtex Info: VTeX not detected.
Package: intcalc 2007/09/27 v1.1 Expandable calculations with integers (HO)
Package: ifpdf 2011/01/30 v2.3 Provides the ifpdf switch (HO)
Package ifpdf Info: pdfTeX in PDF mode is detected.
Package: etexcmds 2011/02/16 v1.5 Avoid name clashes with e-TeX commands (HO)
Package etexcmds Info: Could not find \expanded.
(etexcmds)             That can mean that you are not using pdfTeX 1.50 or
(etexcmds)             that some package has redefined \expanded.
(etexcmds)             In the latter case, load this package earlier.
Package: kvsetkeys 2012/04/25 v1.16 Key value parser (HO)
Package: kvdefinekeys 2011/04/07 v1.3 Define keys (HO)
Package: pdftexcmds 2011/11/29 v0.20 Utility functions of pdfTeX for LuaTeX (HO
)
Package pdftexcmds Info: LuaTeX not detected.
Package pdftexcmds Info: \pdf@primitive is available.
Package pdftexcmds Info: \pdf@ifprimitive is available.
Package pdftexcmds Info: \pdfdraftmode found.
Package: pdfescape 2011/11/25 v1.13 Implements pdfTeX's escape features (HO)
Package: bigintcalc 2012/04/08 v1.3 Expandable calculations on big integers (HO
)
Package: bitset 2011/01/30 v1.1 Handle bit-vector datatype (HO)
Package: uniquecounter 2011/01/30 v1.2 Provide unlimited unique counter (HO)
)
Package hobsub Info: Skipping package `hobsub' (already loaded).
Package: letltxmacro 2010/09/02 v1.4 Let assignment for LaTeX macros (HO)
Package: hopatch 2011/06/24 v1.1 Wrapper for package hooks (HO)
Package: xcolor-patch 2011/01/30 xcolor patch
Package: atveryend 2011/06/30 v1.8 Hooks at the very end of document (HO)
Package atveryend Info: \enddocument detected (standard20110627).
Package: atbegshi 2011/10/05 v1.16 At begin shipout hook (HO)
Package: refcount 2011/10/16 v3.4 Data extraction from label references (HO)
Package: hycolor 2011/01/30 v1.7 Color options for hyperref/bookmark (HO)
)
("C:\Program Files (x86)\MiKTeX 2.9\tex\generic\ifxetex\ifxetex.sty"
Package: ifxetex 2010/09/12 v0.6 Provides ifxetex conditional
)
("C:\Program Files (x86)\MiKTeX 2.9\tex\latex\oberdiek\kvoptions.sty"
Package: kvoptions 2011/06/30 v3.11 Key value format for package options (HO)
)
\@linkdim=\dimen118
\Hy@linkcounter=\count100
\Hy@pagecounter=\count101

("C:\Program Files (x86)\MiKTeX 2.9\tex\latex\hyperref\pd1enc.def"
File: pd1enc.def 2012/05/13 v6.82q Hyperref: PDFDocEncoding definition (HO)
)
\Hy@SavedSpaceFactor=\count102

("C:\Program Files (x86)\MiKTeX 2.9\tex\latex\00miktex\hyperref.cfg"
File: hyperref.cfg 2002/06/06 v1.2 hyperref configuration of TeXLive
)
Package hyperref Info: Hyper figures OFF on input line 4062.
Package hyperref Info: Link nesting OFF on input line 4067.
Package hyperref Info: Hyper index ON on input line 4070.
Package hyperref Info: Plain pages OFF on input line 4077.
Package hyperref Info: Backreferencing OFF on input line 4082.
Package hyperref Info: Implicit mode ON; LaTeX internals redefined.
Package hyperref Info: Bookmarks ON on input line 4300.
\c@Hy@tempcnt=\count103

("C:\Program Files (x86)\MiKTeX 2.9\tex\latex\ltxmisc\url.sty"
\Urlmuskip=\muskip11
Package: url 2006/04/12  ver 3.3  Verb mode for urls, etc.
)
LaTeX Info: Redefining \url on input line 4653.
\Fld@menulength=\count104
\Field@Width=\dimen119
\Fld@charsize=\dimen120
Package hyperref Info: Hyper figures OFF on input line 5773.
Package hyperref Info: Link nesting OFF on input line 5778.
Package hyperref Info: Hyper index ON on input line 5781.
Package hyperref Info: backreferencing OFF on input line 5788.
Package hyperref Info: Link coloring OFF on input line 5793.
Package hyperref Info: Link coloring with OCG OFF on input line 5798.
Package hyperref Info: PDF/A mode OFF on input line 5803.
LaTeX Info: Redefining \ref on input line 5843.
LaTeX Info: Redefining \pageref on input line 5847.
\Hy@abspage=\count105
\c@Item=\count106
\c@Hfootnote=\count107
)

Package hyperref Message: Driver (autodetected): hpdftex.

("C:\Program Files (x86)\MiKTeX 2.9\tex\latex\hyperref\hpdftex.def"
File: hpdftex.def 2012/05/13 v6.82q Hyperref driver for pdfTeX
\Fld@listcount=\count108
\c@bookmark@seq@number=\count109

("C:\Program Files (x86)\MiKTeX 2.9\tex\latex\oberdiek\rerunfilecheck.sty"
Package: rerunfilecheck 2011/04/15 v1.7 Rerun checks for auxiliary files (HO)
Package uniquecounter Info: New unique counter `rerunfilecheck' on input line 2
82.
)
\Hy@SectionHShift=\skip46
)
(C:\Users\jlthomps\AppData\Roaming\MiKTeX\2.9\tex\latex\natbib\natbib.sty
Package: natbib 2010/09/13 8.31b (PWD, AO)
\bibhang=\skip47
\bibsep=\skip48
LaTeX Info: Redefining \cite on input line 694.
\c@NAT@ctr=\count110
)
("C:\Program Files (x86)\MiKTeX 2.9\tex\generic\babel\babel.sty"
Package: babel 2008/07/08 v3.8m The Babel package

*************************************
* Local config file bblopts.cfg used
*
("C:\Program Files (x86)\MiKTeX 2.9\tex\latex\00miktex\bblopts.cfg"
File: bblopts.cfg 2006/07/31 v1.0 MiKTeX 'babel' configuration
)
("C:\Program Files (x86)\MiKTeX 2.9\tex\generic\babel\english.ldf"
Language: english 2005/03/30 v3.3o English support from the babel system

("C:\Program Files (x86)\MiKTeX 2.9\tex\generic\babel\babel.def"
File: babel.def 2008/07/08 v3.8m Babel common definitions
\babel@savecnt=\count111
\U@D=\dimen121
)
\l@canadian = a dialect from \language\l@american 
\l@australian = a dialect from \language\l@british 
\l@newzealand = a dialect from \language\l@british 
))
(C:\Users\jlthomps\AppData\Roaming\MiKTeX\2.9\tex\latex\preprint\authblk.sty
Package: authblk 2009/11/18 1.3 (PWD)
\affilsep=\skip49
\@affilsep=\skip50
\c@Maxaffil=\count112
\c@authors=\count113
\c@affil=\count114
)
(C:\Users\jlthomps\AppData\Roaming\MiKTeX\2.9\tex\latex\subfig\subfig.sty
Package: subfig 2005/06/28 ver: 1.3 subfig package

(C:\Users\jlthomps\AppData\Roaming\MiKTeX\2.9\tex\latex\caption\caption.sty
Package: caption 2013/05/02 v3.3-89 Customizing captions (AR)

(C:\Users\jlthomps\AppData\Roaming\MiKTeX\2.9\tex\latex\caption\caption3.sty
Package: caption3 2013/05/02 v1.6-88 caption3 kernel (AR)
Package caption3 Info: TeX engine: e-TeX on input line 57.
\captionmargin=\dimen122
\captionmargin@=\dimen123
\captionwidth=\dimen124
\caption@tempdima=\dimen125
\caption@indent=\dimen126
\caption@parindent=\dimen127
\caption@hangindent=\dimen128
)
\c@ContinuedFloat=\count115
Package caption Info: hyperref package is loaded.
)
\c@KVtest=\count116
\sf@farskip=\skip51
\sf@captopadj=\dimen129
\sf@capskip=\skip52
\sf@nearskip=\skip53
\c@subfigure=\count117
\c@subfigure@save=\count118
\c@lofdepth=\count119
\c@subtable=\count120
\c@subtable@save=\count121
\c@lotdepth=\count122
\sf@top=\skip54
\sf@bottom=\skip55
) (C:\Users\jlthomps\AppData\Roaming\MiKTeX\2.9\tex\latex\placeins\placeins.sty
Package: placeins 2005/04/18  v 2.2
) (C:\Users\jlthomps\AppData\Roaming\MiKTeX\2.9\tex\latex\mdwtools\footnote.sty
Package: footnote 1997/01/28 1.13 Save footnotes around boxes
\fn@notes=\box28
\fn@width=\dimen130
) ("C:\Program Files (x86)\MiKTeX 2.9\tex\latex\tools\tabularx.sty"
Package: tabularx 1999/01/07 v2.07 `tabularx' package (DPC)

("C:\Program Files (x86)\MiKTeX 2.9\tex\latex\tools\array.sty"
Package: array 2008/09/09 v2.4c Tabular extension package (FMi)
\col@sep=\dimen131
\extrarowheight=\dimen132
\NC@list=\toks20
\extratabsurround=\skip56
\backup@length=\skip57
)
\TX@col@width=\dimen133
\TX@old@table=\dimen134
\TX@old@col=\dimen135
\TX@target=\dimen136
\TX@delta=\dimen137
\TX@cols=\count123
\TX@ftn=\toks21
)
("C:\Program Files (x86)\MiKTeX 2.9\tex\latex\ltxmisc\parskip.sty"
Package: parskip 2001/04/09 non-zero parskip adjustments
)
(C:\Users\jlthomps\AppData\Roaming\MiKTeX\2.9\tex\latex\threeparttable\threepar
ttable.sty
Package: threeparttable 2003/06/13  v 3.0
\@tempboxb=\box29
)
(C:\Users\jlthomps\AppData\Roaming\MiKTeX\2.9\tex\latex\upquote\upquote.sty
Package: upquote 2012/04/19 v1.3 upright-quote and grave-accent glyphs in verba
tim

("C:\Program Files (x86)\MiKTeX 2.9\tex\latex\base\textcomp.sty"
Package: textcomp 2005/09/27 v1.99g Standard LaTeX package
Package textcomp Info: Sub-encoding information:
(textcomp)               5 = only ISO-Adobe without \textcurrency
(textcomp)               4 = 5 + \texteuro
(textcomp)               3 = 4 + \textohm
(textcomp)               2 = 3 + \textestimated + \textcurrency
(textcomp)               1 = TS1 - \textcircled - \t
(textcomp)               0 = TS1 (full)
(textcomp)             Font families with sub-encoding setting implement
(textcomp)             only a restricted character set as indicated.
(textcomp)             Family '?' is the default used for unknown fonts.
(textcomp)             See the documentation for details.
Package textcomp Info: Setting ? sub-encoding to TS1/1 on input line 71.

("C:\Program Files (x86)\MiKTeX 2.9\tex\latex\base\ts1enc.def"
File: ts1enc.def 2001/06/05 v3.0e (jk/car/fm) Standard LaTeX file
)
LaTeX Info: Redefining \oldstylenums on input line 266.
Package textcomp Info: Setting cmr sub-encoding to TS1/0 on input line 281.
Package textcomp Info: Setting cmss sub-encoding to TS1/0 on input line 282.
Package textcomp Info: Setting cmtt sub-encoding to TS1/0 on input line 283.
Package textcomp Info: Setting cmvtt sub-encoding to TS1/0 on input line 284.
Package textcomp Info: Setting cmbr sub-encoding to TS1/0 on input line 285.
Package textcomp Info: Setting cmtl sub-encoding to TS1/0 on input line 286.
Package textcomp Info: Setting ccr sub-encoding to TS1/0 on input line 287.
Package textcomp Info: Setting ptm sub-encoding to TS1/4 on input line 288.
Package textcomp Info: Setting pcr sub-encoding to TS1/4 on input line 289.
Package textcomp Info: Setting phv sub-encoding to TS1/4 on input line 290.
Package textcomp Info: Setting ppl sub-encoding to TS1/3 on input line 291.
Package textcomp Info: Setting pag sub-encoding to TS1/4 on input line 292.
Package textcomp Info: Setting pbk sub-encoding to TS1/4 on input line 293.
Package textcomp Info: Setting pnc sub-encoding to TS1/4 on input line 294.
Package textcomp Info: Setting pzc sub-encoding to TS1/4 on input line 295.
Package textcomp Info: Setting bch sub-encoding to TS1/4 on input line 296.
Package textcomp Info: Setting put sub-encoding to TS1/5 on input line 297.
Package textcomp Info: Setting uag sub-encoding to TS1/5 on input line 298.
Package textcomp Info: Setting ugq sub-encoding to TS1/5 on input line 299.
Package textcomp Info: Setting ul8 sub-encoding to TS1/4 on input line 300.
Package textcomp Info: Setting ul9 sub-encoding to TS1/4 on input line 301.
Package textcomp Info: Setting augie sub-encoding to TS1/5 on input line 302.
Package textcomp Info: Setting dayrom sub-encoding to TS1/3 on input line 303.
Package textcomp Info: Setting dayroms sub-encoding to TS1/3 on input line 304.

Package textcomp Info: Setting pxr sub-encoding to TS1/0 on input line 305.
Package textcomp Info: Setting pxss sub-encoding to TS1/0 on input line 306.
Package textcomp Info: Setting pxtt sub-encoding to TS1/0 on input line 307.
Package textcomp Info: Setting txr sub-encoding to TS1/0 on input line 308.
Package textcomp Info: Setting txss sub-encoding to TS1/0 on input line 309.
Package textcomp Info: Setting txtt sub-encoding to TS1/0 on input line 310.
Package textcomp Info: Setting lmr sub-encoding to TS1/0 on input line 311.
Package textcomp Info: Setting lmdh sub-encoding to TS1/0 on input line 312.
Package textcomp Info: Setting lmss sub-encoding to TS1/0 on input line 313.
Package textcomp Info: Setting lmssq sub-encoding to TS1/0 on input line 314.
Package textcomp Info: Setting lmvtt sub-encoding to TS1/0 on input line 315.
Package textcomp Info: Setting qhv sub-encoding to TS1/0 on input line 316.
Package textcomp Info: Setting qag sub-encoding to TS1/0 on input line 317.
Package textcomp Info: Setting qbk sub-encoding to TS1/0 on input line 318.
Package textcomp Info: Setting qcr sub-encoding to TS1/0 on input line 319.
Package textcomp Info: Setting qcs sub-encoding to TS1/0 on input line 320.
Package textcomp Info: Setting qpl sub-encoding to TS1/0 on input line 321.
Package textcomp Info: Setting qtm sub-encoding to TS1/0 on input line 322.
Package textcomp Info: Setting qzc sub-encoding to TS1/0 on input line 323.
Package textcomp Info: Setting qhvc sub-encoding to TS1/0 on input line 324.
Package textcomp Info: Setting futs sub-encoding to TS1/4 on input line 325.
Package textcomp Info: Setting futx sub-encoding to TS1/4 on input line 326.
Package textcomp Info: Setting futj sub-encoding to TS1/4 on input line 327.
Package textcomp Info: Setting hlh sub-encoding to TS1/3 on input line 328.
Package textcomp Info: Setting hls sub-encoding to TS1/3 on input line 329.
Package textcomp Info: Setting hlst sub-encoding to TS1/3 on input line 330.
Package textcomp Info: Setting hlct sub-encoding to TS1/5 on input line 331.
Package textcomp Info: Setting hlx sub-encoding to TS1/5 on input line 332.
Package textcomp Info: Setting hlce sub-encoding to TS1/5 on input line 333.
Package textcomp Info: Setting hlcn sub-encoding to TS1/5 on input line 334.
Package textcomp Info: Setting hlcw sub-encoding to TS1/5 on input line 335.
Package textcomp Info: Setting hlcf sub-encoding to TS1/5 on input line 336.
Package textcomp Info: Setting pplx sub-encoding to TS1/3 on input line 337.
Package textcomp Info: Setting pplj sub-encoding to TS1/3 on input line 338.
Package textcomp Info: Setting ptmx sub-encoding to TS1/4 on input line 339.
Package textcomp Info: Setting ptmj sub-encoding to TS1/4 on input line 340.
))
(C:\Users\jlthomps\Desktop\git\EGRET\vignettes\EGRET.aux

LaTeX Warning: Label `table:tableChangeSingle' multiply defined.

)
LaTeX Font Info:    Checking defaults for OML/cmm/m/it on input line 98.
LaTeX Font Info:    ... okay on input line 98.
LaTeX Font Info:    Checking defaults for T1/cmr/m/n on input line 98.
LaTeX Font Info:    ... okay on input line 98.
LaTeX Font Info:    Checking defaults for OT1/cmr/m/n on input line 98.
LaTeX Font Info:    ... okay on input line 98.
LaTeX Font Info:    Checking defaults for OMS/cmsy/m/n on input line 98.
LaTeX Font Info:    ... okay on input line 98.
LaTeX Font Info:    Checking defaults for OMX/cmex/m/n on input line 98.
LaTeX Font Info:    ... okay on input line 98.
LaTeX Font Info:    Checking defaults for U/cmr/m/n on input line 98.
LaTeX Font Info:    ... okay on input line 98.
LaTeX Font Info:    Checking defaults for PD1/pdf/m/n on input line 98.
LaTeX Font Info:    ... okay on input line 98.
LaTeX Font Info:    Checking defaults for TS1/cmr/m/n on input line 98.
LaTeX Font Info:    Try loading font information for TS1+cmr on input line 98.
 ("C:\Program Files (x86)\MiKTeX 2.9\tex\latex\base\ts1cmr.fd"
File: ts1cmr.fd 1999/05/25 v2.5h Standard LaTeX font definitions
)
LaTeX Font Info:    ... okay on input line 98.
LaTeX Font Info:    Try loading font information for OT1+ptm on input line 98.

("C:\Program Files (x86)\MiKTeX 2.9\tex\latex\psnfss\ot1ptm.fd"
File: ot1ptm.fd 2001/06/04 font definitions for OT1/ptm.
)
(C:\Users\jlthomps\AppData\Roaming\MiKTeX\2.9\tex\context\base\supp-pdf.mkii
[Loading MPS to PDF converter (version 2006.09.02).]
\scratchcounter=\count124
\scratchdimen=\dimen138
\scratchbox=\box30
\nofMPsegments=\count125
\nofMParguments=\count126
\everyMPshowfont=\toks22
\MPscratchCnt=\count127
\MPscratchDim=\dimen139
\MPnumerator=\count128
\makeMPintoPDFobject=\count129
\everyMPtoPDFconversion=\toks23
)
\AtBeginShipoutBox=\box31
Package hyperref Info: Link coloring OFF on input line 98.
 ("C:\Program Files (x86)\MiKTeX 2.9\tex\latex\hyperref\nameref.sty"
Package: nameref 2010/04/30 v2.40 Cross-referencing by name of section

("C:\Program Files (x86)\MiKTeX 2.9\tex\generic\oberdiek\gettitlestring.sty"
Package: gettitlestring 2010/12/03 v1.4 Cleanup title references (HO)
)
\c@section@level=\count130
)
LaTeX Info: Redefining \ref on input line 98.
LaTeX Info: Redefining \pageref on input line 98.
LaTeX Info: Redefining \nameref on input line 98.

(C:\Users\jlthomps\Desktop\git\EGRET\vignettes\EGRET.out)
(C:\Users\jlthomps\Desktop\git\EGRET\vignettes\EGRET.out)
\@outlinefile=\write3
Package caption Info: Begin \AtBeginDocument code.
Package caption Info: subfig package v1.3 is loaded.
Package caption Info: threeparttable package is loaded.
Package caption Info: End \AtBeginDocument code.
LaTeX Font Info:    Font shape `OT1/ptm/bx/n' in size <14.4> not available
(Font)              Font shape `OT1/ptm/b/n' tried instead on input line 118.

(C:\Users\jlthomps\Desktop\git\EGRET\vignettes\EGRET.toc
LaTeX Font Info:    Font shape `OT1/ptm/bx/n' in size <10.95> not available
(Font)              Font shape `OT1/ptm/b/n' tried instead on input line 2.

Overfull \vbox (21.68121pt too high) has occurred while \output is active []


[1

{C:/Users/jlthomps/AppData/Local/MiKTeX/2.9/pdftex/config/pdftex.map}])
\tf@toc=\write4
LaTeX Font Info:    Try loading font information for OT1+pcr on input line 136.


("C:\Program Files (x86)\MiKTeX 2.9\tex\latex\psnfss\ot1pcr.fd"
File: ot1pcr.fd 2001/06/04 font definitions for OT1/pcr.
)
Overfull \vbox (21.68121pt too high) has occurred while \output is active []


[2]
Package color Info: Redefining color shadecolor on input line 155.
LaTeX Font Info:    Font shape `OT1/pcr/bx/n' in size <10.95> not available
(Font)              Font shape `OT1/pcr/b/n' tried instead on input line 157.
LaTeX Font Info:    Font shape `OT1/pcr/m/it' in size <10.95> not available
(Font)              Font shape `OT1/pcr/m/sl' tried instead on input line 160.

Overfull \vbox (21.68121pt too high) has occurred while \output is active []


[3]
Underfull \vbox (badness 10000) detected at line 252
 []


Underfull \vbox (badness 10000) detected at line 252
 []


Overfull \vbox (21.68121pt too high) has occurred while \output is active []


[4]
Package color Info: Redefining color shadecolor on input line 264.
LaTeX Font Info:    Font shape `OT1/ptm/bx/n' in size <12> not available
(Font)              Font shape `OT1/ptm/b/n' tried instead on input line 274.

Overfull \vbox (21.68121pt too high) has occurred while \output is active []


[5]
Overfull \vbox (21.68121pt too high) has occurred while \output is active []


[6]
Overfull \vbox (21.68121pt too high) has occurred while \output is active []


[7]
Package color Info: Redefining color shadecolor on input line 459.

Underfull \vbox (badness 10000) detected at line 470
 []


Overfull \vbox (21.68121pt too high) has occurred while \output is active []


[8]
Package color Info: Redefining color shadecolor on input line 477.
Package color Info: Redefining color shadecolor on input line 513.
Package color Info: Redefining color shadecolor on input line 524.

Overfull \vbox (21.68121pt too high) has occurred while \output is active []


[9]
Package color Info: Redefining color shadecolor on input line 563.
Package color Info: Redefining color shadecolor on input line 573.
Package color Info: Redefining color shadecolor on input line 605.

Overfull \vbox (21.68121pt too high) has occurred while \output is active []


[10]
Package color Info: Redefining color shadecolor on input line 632.

Overfull \vbox (21.68121pt too high) has occurred while \output is active []


[11]

LaTeX Warning: No positions in optional float specifier.
               Default added (so using `tbp') on input line 637.

<figure/plotSingleandSD1.pdf, id=249, 505.89pt x 505.89pt>
File: figure/plotSingleandSD1.pdf Graphic file (type pdf)

<use figure/plotSingleandSD1.pdf>
Package pdftex.def Info: figure/plotSingleandSD1.pdf used on input line 639.
(pdftex.def)             Requested size: 224.03578pt x 224.03578pt.

<figure/plotSingleandSD2.pdf, id=250, 505.89pt x 505.89pt>
File: figure/plotSingleandSD2.pdf Graphic file (type pdf)

<use figure/plotSingleandSD2.pdf>
Package pdftex.def Info: figure/plotSingleandSD2.pdf used on input line 641.
(pdftex.def)             Requested size: 224.03578pt x 224.03578pt.

Overfull \hbox (10.94774pt too wide) in paragraph at lines 639--641
[][][][] 
 []

Package color Info: Redefining color shadecolor on input line 653.

Underfull \vbox (badness 10000) detected at line 675
 []


Overfull \vbox (21.68121pt too high) has occurred while \output is active []


[12 <C:/Users/jlthomps/Desktop/git/EGRET/vignettes/figure/plotSingleandSD1.pdf>
 <C:/Users/jlthomps/Desktop/git/EGRET/vignettes/figure/plotSingleandSD2.pdf>]

LaTeX Warning: No positions in optional float specifier.
               Default added (so using `tbp') on input line 675.

<figure/Merced1.pdf, id=269, 505.89pt x 505.89pt>
File: figure/Merced1.pdf Graphic file (type pdf)
 <use figure/Merced1.pdf>
Package pdftex.def Info: figure/Merced1.pdf used on input line 677.
(pdftex.def)             Requested size: 224.03578pt x 224.03578pt.

<figure/Merced2.pdf, id=270, 505.89pt x 505.89pt>
File: figure/Merced2.pdf Graphic file (type pdf)
 <use figure/Merced2.pdf>
Package pdftex.def Info: figure/Merced2.pdf used on input line 679.
(pdftex.def)             Requested size: 224.03578pt x 224.03578pt.

Overfull \hbox (10.94774pt too wide) in paragraph at lines 677--679
[][][][] 
 []

Package color Info: Redefining color shadecolor on input line 691.

LaTeX Warning: No positions in optional float specifier.
               Default added (so using `tbp') on input line 695.

<figure/plotFour.pdf, id=272, 505.89pt x 505.89pt>
File: figure/plotFour.pdf Graphic file (type pdf)
 <use figure/plotFour.pdf>
Package pdftex.def Info: figure/plotFour.pdf used on input line 697.
(pdftex.def)             Requested size: 448.07928pt x 448.07928pt.
Package color Info: Redefining color shadecolor on input line 706.


LaTeX Warning: No positions in optional float specifier.
               Default added (so using `tbp') on input line 710.

<figure/plotFourStats.pdf, id=274, 505.89pt x 505.89pt>
File: figure/plotFourStats.pdf Graphic file (type pdf)

<use figure/plotFourStats.pdf>
Package pdftex.def Info: figure/plotFourStats.pdf used on input line 712.
(pdftex.def)             Requested size: 448.07928pt x 448.07928pt.

Overfull \vbox (21.68121pt too high) has occurred while \output is active []


[13 <C:/Users/jlthomps/Desktop/git/EGRET/vignettes/figure/Merced1.pdf> <C:/User
s/jlthomps/Desktop/git/EGRET/vignettes/figure/Merced2.pdf>]
Overfull \vbox (21.68121pt too high) has occurred while \output is active []


[14 <C:/Users/jlthomps/Desktop/git/EGRET/vignettes/figure/plotFour.pdf>]
Overfull \vbox (21.68121pt too high) has occurred while \output is active []


[15 <C:/Users/jlthomps/Desktop/git/EGRET/vignettes/figure/plotFourStats.pdf>]
Package color Info: Redefining color shadecolor on input line 723.


LaTeX Warning: No positions in optional float specifier.
               Default added (so using `tbp') on input line 738.

<figure/Mississippi.pdf, id=317, 505.89pt x 505.89pt>
File: figure/Mississippi.pdf Graphic file (type pdf)

<use figure/Mississippi.pdf>
Package pdftex.def Info: figure/Mississippi.pdf used on input line 740.
(pdftex.def)             Requested size: 448.07928pt x 448.07928pt.

Overfull \vbox (21.68121pt too high) has occurred while \output is active []


[16]
Overfull \vbox (21.68121pt too high) has occurred while \output is active []


[17 <C:/Users/jlthomps/Desktop/git/EGRET/vignettes/figure/Mississippi.pdf>]
Package color Info: Redefining color shadecolor on input line 761.
LaTeX Font Info:    Try loading font information for TS1+ptm on input line 788.


("C:\Program Files (x86)\MiKTeX 2.9\tex\latex\psnfss\ts1ptm.fd"
File: ts1ptm.fd 2001/06/04 font definitions for TS1/ptm.
)
Package color Info: Redefining color shadecolor on input line 798.

Underfull \vbox (badness 10000) detected at line 816
 []


Overfull \vbox (21.68121pt too high) has occurred while \output is active []


[18]
Package color Info: Redefining color shadecolor on input line 836.

Overfull \vbox (21.68121pt too high) has occurred while \output is active []


[19]
Package color Info: Redefining color shadecolor on input line 869.


LaTeX Warning: No positions in optional float specifier.
               Default added (so using `tbp') on input line 874.

<figure/plotBoxes1.pdf, id=346, 505.89pt x 505.89pt>
File: figure/plotBoxes1.pdf Graphic file (type pdf)

<use figure/plotBoxes1.pdf>
Package pdftex.def Info: figure/plotBoxes1.pdf used on input line 876.
(pdftex.def)             Requested size: 224.03578pt x 224.03578pt.

<figure/plotBoxes2.pdf, id=347, 505.89pt x 505.89pt>
File: figure/plotBoxes2.pdf Graphic file (type pdf)

<use figure/plotBoxes2.pdf>
Package pdftex.def Info: figure/plotBoxes2.pdf used on input line 878.
(pdftex.def)             Requested size: 224.03578pt x 224.03578pt.

Overfull \hbox (10.94774pt too wide) in paragraph at lines 876--878
[][][][] 
 []

Package color Info: Redefining color shadecolor on input line 889.

LaTeX Warning: No positions in optional float specifier.
               Default added (so using `tbp') on input line 894.

<figure/plotConcTime1.pdf, id=349, 505.89pt x 505.89pt>
File: figure/plotConcTime1.pdf Graphic file (type pdf)

<use figure/plotConcTime1.pdf>
Package pdftex.def Info: figure/plotConcTime1.pdf used on input line 896.
(pdftex.def)             Requested size: 224.03578pt x 224.03578pt.

<figure/plotConcTime2.pdf, id=350, 505.89pt x 505.89pt>
File: figure/plotConcTime2.pdf Graphic file (type pdf)

<use figure/plotConcTime2.pdf>
Package pdftex.def Info: figure/plotConcTime2.pdf used on input line 898.
(pdftex.def)             Requested size: 224.03578pt x 224.03578pt.

Overfull \hbox (10.94774pt too wide) in paragraph at lines 896--898
[][][][] 
 []

Package color Info: Redefining color shadecolor on input line 909.

LaTeX Warning: No positions in optional float specifier.
               Default added (so using `tbp') on input line 913.

<figure/plotFluxQ.pdf, id=353, 505.89pt x 505.89pt>
File: figure/plotFluxQ.pdf Graphic file (type pdf)
 <use figure/plotFluxQ.pdf>
Package pdftex.def Info: figure/plotFluxQ.pdf used on input line 915.
(pdftex.def)             Requested size: 224.03578pt x 224.03578pt.

Overfull \vbox (21.68121pt too high) has occurred while \output is active []


[20 <C:/Users/jlthomps/Desktop/git/EGRET/vignettes/figure/plotBoxes1.pdf> <C:/U
sers/jlthomps/Desktop/git/EGRET/vignettes/figure/plotBoxes2.pdf>]
Overfull \vbox (21.68121pt too high) has occurred while \output is active []


[21 <C:/Users/jlthomps/Desktop/git/EGRET/vignettes/figure/plotConcTime1.pdf> <C
:/Users/jlthomps/Desktop/git/EGRET/vignettes/figure/plotConcTime2.pdf> <C:/User
s/jlthomps/Desktop/git/EGRET/vignettes/figure/plotFluxQ.pdf>]
Package color Info: Redefining color shadecolor on input line 928.


LaTeX Warning: No positions in optional float specifier.
               Default added (so using `tbp') on input line 932.

<figure/multiPlotDataOverview.pdf, id=401, 505.89pt x 505.89pt>
File: figure/multiPlotDataOverview.pdf Graphic file (type pdf)

<use figure/multiPlotDataOverview.pdf>
Package pdftex.def Info: figure/multiPlotDataOverview.pdf used on input line 93
4.
(pdftex.def)             Requested size: 448.07928pt x 448.07928pt.

Overfull \vbox (21.68121pt too high) has occurred while \output is active []


[22]
Overfull \vbox (21.68121pt too high) has occurred while \output is active []


[23 <C:/Users/jlthomps/Desktop/git/EGRET/vignettes/figure/multiPlotDataOverview
.pdf>]
Package color Info: Redefining color shadecolor on input line 952.
Package color Info: Redefining color shadecolor on input line 998.

Overfull \vbox (21.68121pt too high) has occurred while \output is active []


[24]
Package color Info: Redefining color shadecolor on input line 1011.

Overfull \hbox (31.53564pt too wide) in paragraph at lines 1013--1013
[][]\OT1/pcr/m/n/10.95 savePath[] []<-[] []"C:/Users/egretUser/WRTDS_Output/"[]
 []\OT1/pcr/m/sl/10.95 #An example directory name[][] 
 []

Package color Info: Redefining color shadecolor on input line 1025.

Overfull \vbox (21.68121pt too high) has occurred while \output is active []


[25]
Package color Info: Redefining color shadecolor on input line 1064.


LaTeX Warning: No positions in optional float specifier.
               Default added (so using `tbp') on input line 1075.

<figure/plotConcTimeDaily1.pdf, id=434, 505.89pt x 505.89pt>
File: figure/plotConcTimeDaily1.pdf Graphic file (type pdf)

<use figure/plotConcTimeDaily1.pdf>
Package pdftex.def Info: figure/plotConcTimeDaily1.pdf used on input line 1077.

(pdftex.def)             Requested size: 224.03578pt x 224.03578pt.

<figure/plotConcTimeDaily2.pdf, id=435, 505.89pt x 505.89pt>
File: figure/plotConcTimeDaily2.pdf Graphic file (type pdf)

<use figure/plotConcTimeDaily2.pdf>
Package pdftex.def Info: figure/plotConcTimeDaily2.pdf used on input line 1079.

(pdftex.def)             Requested size: 224.03578pt x 224.03578pt.

Overfull \hbox (10.94774pt too wide) in paragraph at lines 1077--1079
[][][][] 
 []

Package color Info: Redefining color shadecolor on input line 1088.

LaTeX Warning: No positions in optional float specifier.
               Default added (so using `tbp') on input line 1093.

<figure/plotFluxPred1.pdf, id=437, 505.89pt x 505.89pt>
File: figure/plotFluxPred1.pdf Graphic file (type pdf)

<use figure/plotFluxPred1.pdf>
Package pdftex.def Info: figure/plotFluxPred1.pdf used on input line 1095.
(pdftex.def)             Requested size: 224.03578pt x 224.03578pt.

<figure/plotFluxPred2.pdf, id=438, 505.89pt x 505.89pt>
File: figure/plotFluxPred2.pdf Graphic file (type pdf)

<use figure/plotFluxPred2.pdf>
Package pdftex.def Info: figure/plotFluxPred2.pdf used on input line 1097.
(pdftex.def)             Requested size: 224.03578pt x 224.03578pt.

Overfull \hbox (10.94774pt too wide) in paragraph at lines 1095--1097
[][][][] 
 []

Package color Info: Redefining color shadecolor on input line 1107.

Overfull \vbox (21.68121pt too high) has occurred while \output is active []


[26 <C:/Users/jlthomps/Desktop/git/EGRET/vignettes/figure/plotConcTimeDaily1.pd
f> <C:/Users/jlthomps/Desktop/git/EGRET/vignettes/figure/plotConcTimeDaily2.pdf
>]

LaTeX Warning: No positions in optional float specifier.
               Default added (so using `tbp') on input line 1112.

<figure/plotResidQ1.pdf, id=460, 505.89pt x 505.89pt>
File: figure/plotResidQ1.pdf Graphic file (type pdf)

<use figure/plotResidQ1.pdf>
Package pdftex.def Info: figure/plotResidQ1.pdf used on input line 1114.
(pdftex.def)             Requested size: 224.03578pt x 224.03578pt.

<figure/plotResidQ2.pdf, id=461, 505.89pt x 505.89pt>
File: figure/plotResidQ2.pdf Graphic file (type pdf)

<use figure/plotResidQ2.pdf>
Package pdftex.def Info: figure/plotResidQ2.pdf used on input line 1116.
(pdftex.def)             Requested size: 224.03578pt x 224.03578pt.

Overfull \hbox (10.94774pt too wide) in paragraph at lines 1114--1116
[][][][] 
 []

Package color Info: Redefining color shadecolor on input line 1125.

LaTeX Warning: No positions in optional float specifier.
               Default added (so using `tbp') on input line 1130.

<figure/boxResidMonth1.pdf, id=463, 505.89pt x 505.89pt>
File: figure/boxResidMonth1.pdf Graphic file (type pdf)

<use figure/boxResidMonth1.pdf>
Package pdftex.def Info: figure/boxResidMonth1.pdf used on input line 1132.
(pdftex.def)             Requested size: 224.03578pt x 224.03578pt.

<figure/boxResidMonth2.pdf, id=464, 505.89pt x 505.89pt>
File: figure/boxResidMonth2.pdf Graphic file (type pdf)

<use figure/boxResidMonth2.pdf>
Package pdftex.def Info: figure/boxResidMonth2.pdf used on input line 1134.
(pdftex.def)             Requested size: 224.03578pt x 224.03578pt.

Overfull \hbox (10.94774pt too wide) in paragraph at lines 1132--1134
[][][][] 
 []

Package color Info: Redefining color shadecolor on input line 1143.

LaTeX Warning: No positions in optional float specifier.
               Default added (so using `tbp') on input line 1147.

<figure/boxConcThree.pdf, id=466, 505.89pt x 505.89pt>
File: figure/boxConcThree.pdf Graphic file (type pdf)

<use figure/boxConcThree.pdf>
Package pdftex.def Info: figure/boxConcThree.pdf used on input line 1149.
(pdftex.def)             Requested size: 224.03578pt x 224.03578pt.


LaTeX Warning: Reference `fig:plotFluxHist' on page 27 undefined on input line 
1156.

Package color Info: Redefining color shadecolor on input line 1158.
Package color Info: Redefining color shadecolor on input line 1175.

Underfull \vbox (badness 10000) detected at line 1187
 []


Overfull \vbox (21.68121pt too high) has occurred while \output is active []


[27 <C:/Users/jlthomps/Desktop/git/EGRET/vignettes/figure/plotFluxPred1.pdf> <C
:/Users/jlthomps/Desktop/git/EGRET/vignettes/figure/plotFluxPred2.pdf>]
Overfull \vbox (21.68121pt too high) has occurred while \output is active []


[28 <C:/Users/jlthomps/Desktop/git/EGRET/vignettes/figure/plotResidQ1.pdf> <C:/
Users/jlthomps/Desktop/git/EGRET/vignettes/figure/plotResidQ2.pdf> <C:/Users/jl
thomps/Desktop/git/EGRET/vignettes/figure/boxResidMonth1.pdf> <C:/Users/jlthomp
s/Desktop/git/EGRET/vignettes/figure/boxResidMonth2.pdf>]

LaTeX Warning: No positions in optional float specifier.
               Default added (so using `tbp') on input line 1187.

<figure/plotConcQSmooth1.pdf, id=522, 505.89pt x 505.89pt>
File: figure/plotConcQSmooth1.pdf Graphic file (type pdf)

<use figure/plotConcQSmooth1.pdf>
Package pdftex.def Info: figure/plotConcQSmooth1.pdf used on input line 1189.
(pdftex.def)             Requested size: 224.03578pt x 224.03578pt.

<figure/plotConcQSmooth2.pdf, id=523, 505.89pt x 505.89pt>
File: figure/plotConcQSmooth2.pdf Graphic file (type pdf)

<use figure/plotConcQSmooth2.pdf>
Package pdftex.def Info: figure/plotConcQSmooth2.pdf used on input line 1191.
(pdftex.def)             Requested size: 224.03578pt x 224.03578pt.

Overfull \hbox (10.94774pt too wide) in paragraph at lines 1189--1191
[][][][] 
 []

Package color Info: Redefining color shadecolor on input line 1200.

LaTeX Warning: No positions in optional float specifier.
               Default added (so using `tbp') on input line 1210.

<figure/plotConcTimeSmooth1.pdf, id=525, 505.89pt x 505.89pt>
File: figure/plotConcTimeSmooth1.pdf Graphic file (type pdf)

<use figure/plotConcTimeSmooth1.pdf>
Package pdftex.def Info: figure/plotConcTimeSmooth1.pdf used on input line 1212
.
(pdftex.def)             Requested size: 224.03578pt x 224.03578pt.

<figure/plotConcTimeSmooth2.pdf, id=526, 505.89pt x 505.89pt>
File: figure/plotConcTimeSmooth2.pdf Graphic file (type pdf)

<use figure/plotConcTimeSmooth2.pdf>
Package pdftex.def Info: figure/plotConcTimeSmooth2.pdf used on input line 1214
.
(pdftex.def)             Requested size: 224.03578pt x 224.03578pt.

Overfull \hbox (10.94774pt too wide) in paragraph at lines 1212--1214
[][][][] 
 []

Package color Info: Redefining color shadecolor on input line 1226.

Overfull \vbox (21.68121pt too high) has occurred while \output is active []


[29 <C:/Users/jlthomps/Desktop/git/EGRET/vignettes/figure/boxConcThree.pdf>]
Overfull \vbox (21.68121pt too high) has occurred while \output is active []


[30 <C:/Users/jlthomps/Desktop/git/EGRET/vignettes/figure/plotConcQSmooth1.pdf>
 <C:/Users/jlthomps/Desktop/git/EGRET/vignettes/figure/plotConcQSmooth2.pdf> <C
:/Users/jlthomps/Desktop/git/EGRET/vignettes/figure/plotConcTimeSmooth1.pdf> <C
:/Users/jlthomps/Desktop/git/EGRET/vignettes/figure/plotConcTimeSmooth2.pdf>]

LaTeX Warning: No positions in optional float specifier.
               Default added (so using `tbp') on input line 1230.

<figure/fluxBiasMulti.pdf, id=573, 578.16pt x 722.7pt>
File: figure/fluxBiasMulti.pdf Graphic file (type pdf)

<use figure/fluxBiasMulti.pdf>
Package pdftex.def Info: figure/fluxBiasMulti.pdf used on input line 1232.
(pdftex.def)             Requested size: 448.07378pt x 560.0867pt.
Package color Info: Redefining color shadecolor on input line 1243.


LaTeX Warning: No positions in optional float specifier.
               Default added (so using `tbp') on input line 1250.

<figure/plotContours.pdf, id=575, 505.89pt x 505.89pt>
File: figure/plotContours.pdf Graphic file (type pdf)

<use figure/plotContours.pdf>
Package pdftex.def Info: figure/plotContours.pdf used on input line 1252.
(pdftex.def)             Requested size: 448.07928pt x 448.07928pt.

Overfull \hbox (47.16814pt too wide) in paragraph at lines 1252--1252
[]\OT1/ptm/m/n/10.95 Figure 18: |plot-Con-tours(yearStart=2008,yearEnd=2010,qBo
ttom=20,qtop=1000,clevel=seq(0,2.5,0.25),qUnit=1)[]| 
 []

Package color Info: Redefining color shadecolor on input line 1265.

LaTeX Warning: No positions in optional float specifier.
               Default added (so using `tbp') on input line 1272.

<figure/plotDiffContours.pdf, id=577, 505.89pt x 505.89pt>
File: figure/plotDiffContours.pdf Graphic file (type pdf)

<use figure/plotDiffContours.pdf>
Package pdftex.def Info: figure/plotDiffContours.pdf used on input line 1274.
(pdftex.def)             Requested size: 448.07928pt x 448.07928pt.
Package color Info: Redefining color shadecolor on input line 1285.

Overfull \vbox (21.68121pt too high) has occurred while \output is active []


[31]
Overfull \vbox (21.68121pt too high) has occurred while \output is active []


[32 <C:/Users/jlthomps/Desktop/git/EGRET/vignettes/figure/fluxBiasMulti.pdf>]
Overfull \vbox (21.68121pt too high) has occurred while \output is active []


[33 <C:/Users/jlthomps/Desktop/git/EGRET/vignettes/figure/plotContours.pdf>]
Overfull \vbox (21.68121pt too high) has occurred while \output is active []


[34 <C:/Users/jlthomps/Desktop/git/EGRET/vignettes/figure/plotDiffContours.pdf>
]
Package color Info: Redefining color shadecolor on input line 1302.
Package color Info: Redefining color shadecolor on input line 1326.
Package color Info: Redefining color shadecolor on input line 1334.
Package color Info: Redefining color shadecolor on input line 1349.
Package color Info: Redefining color shadecolor on input line 1362.

Overfull \vbox (21.68121pt too high) has occurred while \output is active []


[35]
Overfull \vbox (21.68121pt too high) has occurred while \output is active []


[36]
Package color Info: Redefining color shadecolor on input line 1447.


LaTeX Warning: No positions in optional float specifier.
               Default added (so using `tbp') on input line 1452.

<figure/adjustSize1.pdf, id=633, 505.89pt x 505.89pt>
File: figure/adjustSize1.pdf Graphic file (type pdf)

<use figure/adjustSize1.pdf>
Package pdftex.def Info: figure/adjustSize1.pdf used on input line 1454.
(pdftex.def)             Requested size: 224.03578pt x 224.03578pt.

<figure/adjustSize2.pdf, id=634, 505.89pt x 505.89pt>
File: figure/adjustSize2.pdf Graphic file (type pdf)

<use figure/adjustSize2.pdf>
Package pdftex.def Info: figure/adjustSize2.pdf used on input line 1456.
(pdftex.def)             Requested size: 224.03578pt x 224.03578pt.

Overfull \hbox (10.94774pt too wide) in paragraph at lines 1454--1456
[][][][] 
 []

Package color Info: Redefining color shadecolor on input line 1465.

Overfull \vbox (21.68121pt too high) has occurred while \output is active []


[37

]

LaTeX Warning: No positions in optional float specifier.
               Default added (so using `tbp') on input line 1477.

<figure/plotConcQComparison1.pdf, id=643, 505.89pt x 505.89pt>
File: figure/plotConcQComparison1.pdf Graphic file (type pdf)

<use figure/plotConcQComparison1.pdf>
Package pdftex.def Info: figure/plotConcQComparison1.pdf used on input line 147
9.
(pdftex.def)             Requested size: 224.03578pt x 224.03578pt.

<figure/plotConcQComparison2.pdf, id=644, 505.89pt x 505.89pt>
File: figure/plotConcQComparison2.pdf Graphic file (type pdf)

<use figure/plotConcQComparison2.pdf>
Package pdftex.def Info: figure/plotConcQComparison2.pdf used on input line 148
1.
(pdftex.def)             Requested size: 224.03578pt x 224.03578pt.

Overfull \hbox (10.94774pt too wide) in paragraph at lines 1479--1481
[][][][] 
 []

Package color Info: Redefining color shadecolor on input line 1491.

Underfull \vbox (badness 10000) detected at line 1498
 []


Overfull \vbox (0.59137pt too high) detected at line 1498
 []


Overfull \vbox (21.68121pt too high) has occurred while \output is active []


[38 <C:/Users/jlthomps/Desktop/git/EGRET/vignettes/figure/adjustSize1.pdf> <C:/
Users/jlthomps/Desktop/git/EGRET/vignettes/figure/adjustSize2.pdf>]

LaTeX Warning: No positions in optional float specifier.
               Default added (so using `tbp') on input line 1498.

<figure/easyFontChange.pdf, id=666, 505.89pt x 505.89pt>
File: figure/easyFontChange.pdf Graphic file (type pdf)

<use figure/easyFontChange.pdf>
Package pdftex.def Info: figure/easyFontChange.pdf used on input line 1500.
(pdftex.def)             Requested size: 448.07928pt x 448.07928pt.
Package color Info: Redefining color shadecolor on input line 1510.

Underfull \vbox (badness 10000) detected at line 1528
 []


Overfull \vbox (21.68121pt too high) has occurred while \output is active []


[39 <C:/Users/jlthomps/Desktop/git/EGRET/vignettes/figure/plotConcQComparison1.
pdf> <C:/Users/jlthomps/Desktop/git/EGRET/vignettes/figure/plotConcQComparison2
.pdf>]
Overfull \vbox (21.68121pt too high) has occurred while \output is active []


[40 <C:/Users/jlthomps/Desktop/git/EGRET/vignettes/figure/easyFontChange.pdf>]

LaTeX Warning: No positions in optional float specifier.
               Default added (so using `tbp') on input line 1528.

<figure/modifiedContour1.pdf, id=695, 505.89pt x 505.89pt>
File: figure/modifiedContour1.pdf Graphic file (type pdf)

<use figure/modifiedContour1.pdf>
Package pdftex.def Info: figure/modifiedContour1.pdf used on input line 1530.
(pdftex.def)             Requested size: 448.07928pt x 448.07928pt.
Package color Info: Redefining color shadecolor on input line 1538.


LaTeX Warning: No positions in optional float specifier.
               Default added (so using `tbp') on input line 1547.

<figure/modifiedDiffContour.pdf, id=696, 505.89pt x 505.89pt>
File: figure/modifiedDiffContour.pdf Graphic file (type pdf)

<use figure/modifiedDiffContour.pdf>
Package pdftex.def Info: figure/modifiedDiffContour.pdf used on input line 1549
.
(pdftex.def)             Requested size: 448.07928pt x 448.07928pt.

Overfull \vbox (21.68121pt too high) has occurred while \output is active []


[41 <C:/Users/jlthomps/Desktop/git/EGRET/vignettes/figure/modifiedContour1.pdf>
]
Overfull \vbox (21.68121pt too high) has occurred while \output is active []


[42 <C:/Users/jlthomps/Desktop/git/EGRET/vignettes/figure/modifiedDiffContour.p
df>]
Package color Info: Redefining color shadecolor on input line 1576.
Package color Info: Redefining color shadecolor on input line 1586.
Package color Info: Redefining color shadecolor on input line 1601.
Package color Info: Redefining color shadecolor on input line 1618.

Overfull \vbox (21.68121pt too high) has occurred while \output is active []


[43]
Overfull \vbox (21.68121pt too high) has occurred while \output is active []


[44]
Overfull \vbox (21.68121pt too high) has occurred while \output is active []


[45

]
Overfull \vbox (21.68121pt too high) has occurred while \output is active []


[46

]

LaTeX Warning: Float too large for page by 49.70502pt on input line 1776.


LaTeX Warning: Float too large for page by 90.50493pt on input line 1811.


Overfull \vbox (21.68121pt too high) has occurred while \output is active []


[47

]
Overfull \vbox (21.68121pt too high) has occurred while \output is active []


[48]
Overfull \vbox (21.68121pt too high) has occurred while \output is active []


[49]
Package color Info: Redefining color shadecolor on input line 1823.
Package color Info: Redefining color shadecolor on input line 1832.
Package color Info: Redefining color shadecolor on input line 1843.
LaTeX Font Info:    Try loading font information for OMS+pcr on input line 1845
.
 ("C:\Program Files (x86)\MiKTeX 2.9\tex\latex\psnfss\omspcr.fd"
File: omspcr.fd 
)
LaTeX Font Info:    Font shape `OMS/pcr/m/n' in size <10.95> not available
(Font)              Font shape `OMS/cmsy/m/n' tried instead on input line 1845.


<table1.png, id=779, 492.33937pt x 498.36188pt>
File: table1.png Graphic file (type png)
 <use table1.png>
Package pdftex.def Info: table1.png used on input line 1882.
(pdftex.def)             Requested size: 492.33815pt x 498.36066pt.

Overfull \vbox (21.68121pt too high) has occurred while \output is active []


[50

]
Package color Info: Redefining color shadecolor on input line 1896.

Overfull \vbox (21.68121pt too high) has occurred while \output is active []


[51 <C:/Users/jlthomps/Desktop/git/EGRET/vignettes/table1.png>]
Package color Info: Redefining color shadecolor on input line 1929.

Overfull \vbox (21.68121pt too high) has occurred while \output is active []


[52]
Underfull \hbox (badness 1983) in paragraph at lines 1951--1952
[]\OT1/ptm/m/n/10.95 Hirsch, R. M., Moyer, D. L. and Arch-field, S. A. (2010), 
Weighted Re-gres-sions on
 []


Underfull \hbox (badness 1221) in paragraph at lines 1951--1952
\OT1/ptm/m/n/10.95 Time, Dis-charge, and Sea-son (WRTDS), with an Ap-pli-ca-tio
n to Chesa-peake Bay River
 []


Underfull \hbox (badness 2443) in paragraph at lines 1951--1952
\OT1/ptm/m/n/10.95 In-puts. JAWRA Jour-nal of the Amer-i-can Wa-ter Re-sources 
As-so-ci-a-tion, 46: 857-880.
 []


Underfull \hbox (badness 3690) in paragraph at lines 1951--1952
\OT1/ptm/m/n/10.95 doi: 10.1111/j.1752-1688.2010.00482.x []$\OT1/pcr/m/n/10.95 
http : / / onlinelibrary . wiley . com / doi /$
 []

Package atveryend Info: Empty hook `BeforeClearDocument' on input line 1965.

Overfull \vbox (21.68121pt too high) has occurred while \output is active []


[53

]
Package atveryend Info: Empty hook `AfterLastShipout' on input line 1965.
 (C:\Users\jlthomps\Desktop\git\EGRET\vignettes\EGRET.aux)
Package atveryend Info: Executing hook `AtVeryEndDocument' on input line 1965.
Package atveryend Info: Executing hook `AtEndAfterFileList' on input line 1965.

Package rerunfilecheck Info: File `EGRET.out' has not changed.
(rerunfilecheck)             Checksum: 8C7F459759F355C1F5A04EC20C0B050C;1818.


LaTeX Warning: There were undefined references.


LaTeX Warning: There were multiply-defined labels.

Package atveryend Info: Empty hook `AtVeryVeryEnd' on input line 1965.
 ) 
Here is how much of TeX's memory you used:
 8676 strings out of 494045
 131883 string characters out of 3145959
 235897 words of memory out of 3000000
 11634 multiletter control sequences out of 15000+200000
 28795 words of font info for 64 fonts, out of 3000000 for 9000
 715 hyphenation exceptions out of 8191
 44i,15n,50p,1014b,464s stack positions out of 5000i,500n,10000p,200000b,50000s
{C:/Program Files (x86)/MiKTeX 2.9/fonts/enc/dvips/fontname/8r.enc}<C:/Progra
m Files (x86)/MiKTeX 2.9/fonts/type1/public/amsfonts/cm/cmmi10.pfb><C:/Program 
Files (x86)/MiKTeX 2.9/fonts/type1/public/amsfonts/cm/cmsy10.pfb><C:/Program Fi
les (x86)/MiKTeX 2.9/fonts/type1/urw/courier/ucrb8a.pfb><C:/Program Files (x86)
/MiKTeX 2.9/fonts/type1/urw/courier/ucrr8a.pfb><C:/Program Files (x86)/MiKTeX 2
.9/fonts/type1/urw/courier/ucrro8a.pfb><C:/Program Files (x86)/MiKTeX 2.9/fonts
/type1/urw/times/utmb8a.pfb><C:/Program Files (x86)/MiKTeX 2.9/fonts/type1/urw/
times/utmr8a.pfb><C:/Program Files (x86)/MiKTeX 2.9/fonts/type1/urw/times/utmri
8a.pfb>
Output written on EGRET.pdf (53 pages, 1293292 bytes).
PDF statistics:
 885 PDF objects out of 1000 (max. 8388607)
 168 named destinations out of 1000 (max. 500000)
 410 words of extra memory for PDF output out of 10000 (max. 10000000)

