This is pdfTeX, Version 3.1415926-2.3-1.40.12 (MiKTeX 2.9) (preloaded format=pdflatex 2012.2.20)  27 FEB 2013 16:06
entering extended mode
**EGRET.tex
(D:\LADData\RCodes\EGRET\inst\doc\EGRET.tex
LaTeX2e <2011/06/27>
Babel <v3.8m> and hyphenation patterns for english, afrikaans, ancientgreek, ar
abic, armenian, assamese, basque, bengali, bokmal, bulgarian, catalan, coptic, 
croatian, czech, danish, dutch, esperanto, estonian, farsi, finnish, french, ga
lician, german, german-x-2009-06-19, greek, gujarati, hindi, hungarian, iceland
ic, indonesian, interlingua, irish, italian, kannada, kurmanji, lao, latin, lat
vian, lithuanian, malayalam, marathi, mongolian, mongolianlmc, monogreek, ngerm
an, ngerman-x-2009-06-19, nynorsk, oriya, panjabi, pinyin, polish, portuguese, 
romanian, russian, sanskrit, serbian, slovak, slovenian, spanish, swedish, swis
sgerman, tamil, telugu, turkish, turkmen, ukenglish, ukrainian, uppersorbian, u
senglishmax, welsh, loaded.
("C:\Program Files (x86)\MiKTeX 2.9\tex\latex\base\article.cls"
Document Class: article 2007/10/19 v1.4h Standard LaTeX document class
("C:\Program Files (x86)\MiKTeX 2.9\tex\latex\base\size11.clo"
File: size11.clo 2007/10/19 v1.4h Standard LaTeX file (size option)
)
\c@part=\count79
\c@section=\count80
\c@subsection=\count81
\c@subsubsection=\count82
\c@paragraph=\count83
\c@subparagraph=\count84
\c@figure=\count85
\c@table=\count86
\abovecaptionskip=\skip41
\belowcaptionskip=\skip42
\bibindent=\dimen102
)
("C:\Program Files (x86)\MiKTeX 2.9\tex\latex\ams\math\amsmath.sty"
Package: amsmath 2000/07/18 v2.13 AMS math features
\@mathmargin=\skip43

For additional information on amsmath, use the `?' option.
("C:\Program Files (x86)\MiKTeX 2.9\tex\latex\ams\math\amstext.sty"
Package: amstext 2000/06/29 v2.01

("C:\Program Files (x86)\MiKTeX 2.9\tex\latex\ams\math\amsgen.sty"
File: amsgen.sty 1999/11/30 v2.0
\@emptytoks=\toks14
\ex@=\dimen103
))
("C:\Program Files (x86)\MiKTeX 2.9\tex\latex\ams\math\amsbsy.sty"
Package: amsbsy 1999/11/29 v1.2d
\pmbraise@=\dimen104
)
("C:\Program Files (x86)\MiKTeX 2.9\tex\latex\ams\math\amsopn.sty"
Package: amsopn 1999/12/14 v2.01 operator names
)
\inf@bad=\count87
LaTeX Info: Redefining \frac on input line 211.
\uproot@=\count88
\leftroot@=\count89
LaTeX Info: Redefining \overline on input line 307.
\classnum@=\count90
\DOTSCASE@=\count91
LaTeX Info: Redefining \ldots on input line 379.
LaTeX Info: Redefining \dots on input line 382.
LaTeX Info: Redefining \cdots on input line 467.
\Mathstrutbox@=\box26
\strutbox@=\box27
\big@size=\dimen105
LaTeX Font Info:    Redeclaring font encoding OML on input line 567.
LaTeX Font Info:    Redeclaring font encoding OMS on input line 568.
\macc@depth=\count92
\c@MaxMatrixCols=\count93
\dotsspace@=\muskip10
\c@parentequation=\count94
\dspbrk@lvl=\count95
\tag@help=\toks15
\row@=\count96
\column@=\count97
\maxfields@=\count98
\andhelp@=\toks16
\eqnshift@=\dimen106
\alignsep@=\dimen107
\tagshift@=\dimen108
\tagwidth@=\dimen109
\totwidth@=\dimen110
\lineht@=\dimen111
\@envbody=\toks17
\multlinegap=\skip44
\multlinetaggap=\skip45
\mathdisplay@stack=\toks18
LaTeX Info: Redefining \[ on input line 2666.
LaTeX Info: Redefining \] on input line 2667.
)
("C:\Program Files (x86)\MiKTeX 2.9\tex\latex\psnfss\times.sty"
Package: times 2005/04/12 PSNFSS-v9.2a (SPQR) 
)
("C:\Program Files (x86)\MiKTeX 2.9\tex\latex\hyperref\hyperref.sty"
Package: hyperref 2011/12/04 v6.82m Hypertext links for LaTeX

("C:\Program Files (x86)\MiKTeX 2.9\tex\generic\oberdiek\hobsub-hyperref.sty"
Package: hobsub-hyperref 2011/04/23 v1.4 Bundle oberdiek, subset hyperref (HO)

("C:\Program Files (x86)\MiKTeX 2.9\tex\generic\oberdiek\hobsub-generic.sty"
Package: hobsub-generic 2011/04/23 v1.4 Bundle oberdiek, subset generic (HO)
Package: hobsub 2011/04/23 v1.4 Subsetting bundle oberdiek (HO)
Package: infwarerr 2010/04/08 v1.3 Providing info/warning/message (HO)
Package: ltxcmds 2011/04/18 v1.20 LaTeX kernel commands for general use (HO)
Package: ifluatex 2010/03/01 v1.3 Provides the ifluatex switch (HO)
Package ifluatex Info: LuaTeX not detected.
Package: ifvtex 2010/03/01 v1.5 Switches for detecting VTeX and its modes (HO)
Package ifvtex Info: VTeX not detected.
Package: intcalc 2007/09/27 v1.1 Expandable integer calculations (HO)
Package: ifpdf 2011/01/30 v2.3 Provides the ifpdf switch (HO)
Package ifpdf Info: pdfTeX in PDF mode is detected.
Package: etexcmds 2011/02/16 v1.5 Prefix for e-TeX command names (HO)
Package etexcmds Info: Could not find \expanded.
(etexcmds)             That can mean that you are not using pdfTeX 1.50 or
(etexcmds)             that some package has redefined \expanded.
(etexcmds)             In the latter case, load this package earlier.
Package: kvsetkeys 2011/04/07 v1.13 Key value parser (HO)
Package: kvdefinekeys 2011/04/07 v1.3 Defining keys (HO)
Package: pdftexcmds 2011/04/22 v0.16 Utilities of pdfTeX for LuaTeX (HO)
Package pdftexcmds Info: LuaTeX not detected.
Package pdftexcmds Info: \pdf@primitive is available.
Package pdftexcmds Info: \pdf@ifprimitive is available.
Package pdftexcmds Info: \pdfdraftmode found.
Package: pdfescape 2011/04/04 v1.12 Provides string conversions (HO)
Package: bigintcalc 2011/01/30 v1.2 Expandable big integer calculations (HO)
Package: bitset 2011/01/30 v1.1 Data type bit set (HO)
Package: uniquecounter 2011/01/30 v1.2 Provides unlimited unique counter (HO)
)
Package hobsub Info: Skipping package `hobsub' (already loaded).
Package: letltxmacro 2010/09/02 v1.4 Let assignment for LaTeX macros (HO)
Package: hopatch 2011/01/30 v1.0 Wrapper for package hooks (HO)
Package: xcolor-patch 2011/01/30 xcolor patch
Package: atveryend 2011/04/23 v1.7 Hooks at very end of document (HO)
Package: atbegshi 2011/01/30 v1.15 At begin shipout hook (HO)
Package: refcount 2010/12/01 v3.2 Data extraction from references (HO)
Package: hycolor 2011/01/30 v1.7 Color options of hyperref/bookmark (HO)
)
("C:\Program Files (x86)\MiKTeX 2.9\tex\latex\graphics\keyval.sty"
Package: keyval 1999/03/16 v1.13 key=value parser (DPC)
\KV@toks@=\toks19
)
("C:\Program Files (x86)\MiKTeX 2.9\tex\generic\ifxetex\ifxetex.sty"
Package: ifxetex 2010/09/12 v0.6 Provides ifxetex conditional
)
("C:\Program Files (x86)\MiKTeX 2.9\tex\latex\oberdiek\kvoptions.sty"
Package: kvoptions 2010/12/23 v3.10 Keyval support for LaTeX options (HO)
)
\@linkdim=\dimen112
\Hy@linkcounter=\count99
\Hy@pagecounter=\count100

("C:\Program Files (x86)\MiKTeX 2.9\tex\latex\hyperref\pd1enc.def"
File: pd1enc.def 2011/12/04 v6.82m Hyperref: PDFDocEncoding definition (HO)
)
\Hy@SavedSpaceFactor=\count101

("C:\Program Files (x86)\MiKTeX 2.9\tex\latex\00miktex\hyperref.cfg"
File: hyperref.cfg 2002/06/06 v1.2 hyperref configuration of TeXLive
)
Package hyperref Info: Hyper figures OFF on input line 4046.
Package hyperref Info: Link nesting OFF on input line 4051.
Package hyperref Info: Hyper index ON on input line 4054.
Package hyperref Info: Plain pages OFF on input line 4061.
Package hyperref Info: Backreferencing OFF on input line 4066.
Package hyperref Info: Implicit mode ON; LaTeX internals redefined.
Package hyperref Info: Bookmarks ON on input line 4284.
\c@Hy@tempcnt=\count102

("C:\Program Files (x86)\MiKTeX 2.9\tex\latex\ltxmisc\url.sty"
\Urlmuskip=\muskip11
Package: url 2006/04/12  ver 3.3  Verb mode for urls, etc.
)
LaTeX Info: Redefining \url on input line 4637.
\Fld@menulength=\count103
\Field@Width=\dimen113
\Fld@charsize=\dimen114
Package hyperref Info: Hyper figures OFF on input line 5757.
Package hyperref Info: Link nesting OFF on input line 5762.
Package hyperref Info: Hyper index ON on input line 5765.
Package hyperref Info: backreferencing OFF on input line 5772.
Package hyperref Info: Link coloring OFF on input line 5777.
Package hyperref Info: Link coloring with OCG OFF on input line 5782.
Package hyperref Info: PDF/A mode OFF on input line 5787.
LaTeX Info: Redefining \ref on input line 5827.
LaTeX Info: Redefining \pageref on input line 5831.
\Hy@abspage=\count104
\c@Item=\count105
\c@Hfootnote=\count106
)

Package hyperref Message: Driver (autodetected): hpdftex.

("C:\Program Files (x86)\MiKTeX 2.9\tex\latex\hyperref\hpdftex.def"
File: hpdftex.def 2011/12/04 v6.82m Hyperref driver for pdfTeX
\Fld@listcount=\count107
\c@bookmark@seq@number=\count108

("C:\Program Files (x86)\MiKTeX 2.9\tex\latex\oberdiek\rerunfilecheck.sty"
Package: rerunfilecheck 2011/04/15 v1.7 Rerun checks for auxiliary files (HO)
Package uniquecounter Info: New unique counter `rerunfilecheck' on input line 2
82.
)
\Hy@SectionHShift=\skip46
)
(C:\Users\ldecicco\AppData\Roaming\MiKTeX\2.9\tex\latex\natbib\natbib.sty
Package: natbib 2010/09/13 8.31b (PWD, AO)
\bibhang=\skip47
\bibsep=\skip48
LaTeX Info: Redefining \cite on input line 694.
\c@NAT@ctr=\count109
)
("C:\Program Files (x86)\MiKTeX 2.9\tex\generic\babel\babel.sty"
Package: babel 2008/07/08 v3.8m The Babel package

*************************************
* Local config file bblopts.cfg used
*
("C:\Program Files (x86)\MiKTeX 2.9\tex\latex\00miktex\bblopts.cfg"
File: bblopts.cfg 2006/07/31 v1.0 MiKTeX 'babel' configuration
)
("C:\Program Files (x86)\MiKTeX 2.9\tex\generic\babel\english.ldf"
Language: english 2005/03/30 v3.3o English support from the babel system

("C:\Program Files (x86)\MiKTeX 2.9\tex\generic\babel\babel.def"
File: babel.def 2008/07/08 v3.8m Babel common definitions
\babel@savecnt=\count110
\U@D=\dimen115
)
\l@canadian = a dialect from \language\l@american 
\l@australian = a dialect from \language\l@british 
\l@newzealand = a dialect from \language\l@british 
))
(C:\Users\ldecicco\AppData\Roaming\MiKTeX\2.9\tex\latex\preprint\authblk.sty
Package: authblk 2009/11/18 1.3 (PWD)
\affilsep=\skip49
\@affilsep=\skip50
\c@Maxaffil=\count111
\c@authors=\count112
\c@affil=\count113
)
(C:\Users\ldecicco\AppData\Roaming\MiKTeX\2.9\tex\latex\caption\subcaption.sty
Package: subcaption 2013/02/03 v1.1-62 Sub-captions (AR)

(C:\Users\ldecicco\AppData\Roaming\MiKTeX\2.9\tex\latex\caption\caption.sty
Package: caption 2013/02/03 v3.3-65 Customizing captions (AR)

(C:\Users\ldecicco\AppData\Roaming\MiKTeX\2.9\tex\latex\caption\caption3.sty
Package: caption3 2013/02/03 v1.5-62 caption3 kernel (AR)
\captionmargin=\dimen116
\captionmargin@=\dimen117
\captionwidth=\dimen118
\caption@tempdima=\dimen119
\caption@indent=\dimen120
\caption@parindent=\dimen121
\caption@hangindent=\dimen122
)
\c@ContinuedFloat=\count114
Package caption Info: hyperref package is loaded.
)
\c@subfigure=\count115
\c@subtable=\count116
) (C:\Users\ldecicco\AppData\Roaming\MiKTeX\2.9\tex\latex\placeins\placeins.sty
Package: placeins 2005/04/18  v 2.2
) (C:\Users\ldecicco\AppData\Roaming\MiKTeX\2.9\tex\latex\mdwtools\footnote.sty
Package: footnote 1997/01/28 1.13 Save footnotes around boxes
\fn@notes=\box28
\fn@width=\dimen123
) ("C:\Program Files (x86)\MiKTeX 2.9\tex\latex\tools\tabularx.sty"
Package: tabularx 1999/01/07 v2.07 `tabularx' package (DPC)

("C:\Program Files (x86)\MiKTeX 2.9\tex\latex\tools\array.sty"
Package: array 2008/09/09 v2.4c Tabular extension package (FMi)
\col@sep=\dimen124
\extrarowheight=\dimen125
\NC@list=\toks20
\extratabsurround=\skip51
\backup@length=\skip52
)
\TX@col@width=\dimen126
\TX@old@table=\dimen127
\TX@old@col=\dimen128
\TX@target=\dimen129
\TX@delta=\dimen130
\TX@cols=\count117
\TX@ftn=\toks21
)
(C:/PROGRA~1/R/R-215~1.2/share/texmf/tex/latex\Sweave.sty
Package: Sweave 

("C:\Program Files (x86)\MiKTeX 2.9\tex\latex\base\ifthen.sty"
Package: ifthen 2001/05/26 v1.1c Standard LaTeX ifthen package (DPC)
)
("C:\Program Files (x86)\MiKTeX 2.9\tex\latex\graphics\graphicx.sty"
Package: graphicx 1999/02/16 v1.0f Enhanced LaTeX Graphics (DPC,SPQR)

("C:\Program Files (x86)\MiKTeX 2.9\tex\latex\graphics\graphics.sty"
Package: graphics 2009/02/05 v1.0o Standard LaTeX Graphics (DPC,SPQR)

("C:\Program Files (x86)\MiKTeX 2.9\tex\latex\graphics\trig.sty"
Package: trig 1999/03/16 v1.09 sin cos tan (DPC)
)
("C:\Program Files (x86)\MiKTeX 2.9\tex\latex\00miktex\graphics.cfg"
File: graphics.cfg 2007/01/18 v1.5 graphics configuration of teTeX/TeXLive
)
Package graphics Info: Driver file: pdftex.def on input line 91.

("C:\Program Files (x86)\MiKTeX 2.9\tex\latex\pdftex-def\pdftex.def"
File: pdftex.def 2011/05/27 v0.06d Graphics/color for pdfTeX
\Gread@gobject=\count118
))
\Gin@req@height=\dimen131
\Gin@req@width=\dimen132
)
(C:\Users\ldecicco\AppData\Roaming\MiKTeX\2.9\tex\latex\fancyvrb\fancyvrb.sty
Package: fancyvrb 2008/02/07

Style option: `fancyvrb' v2.7a, with DG/SPQR fixes, and firstline=lastline fix 
<2008/02/07> (tvz)
\FV@CodeLineNo=\count119
\FV@InFile=\read1
\FV@TabBox=\box29
\c@FancyVerbLine=\count120
\FV@StepNumber=\count121
\FV@OutFile=\write3
)
(C:\Users\ldecicco\AppData\Roaming\MiKTeX\2.9\tex\latex\upquote\upquote.sty
Package: upquote 2012/04/19 v1.3 upright-quote and grave-accent glyphs in verba
tim

("C:\Program Files (x86)\MiKTeX 2.9\tex\latex\base\textcomp.sty"
Package: textcomp 2005/09/27 v1.99g Standard LaTeX package
Package textcomp Info: Sub-encoding information:
(textcomp)               5 = only ISO-Adobe without \textcurrency
(textcomp)               4 = 5 + \texteuro
(textcomp)               3 = 4 + \textohm
(textcomp)               2 = 3 + \textestimated + \textcurrency
(textcomp)               1 = TS1 - \textcircled - \t
(textcomp)               0 = TS1 (full)
(textcomp)             Font families with sub-encoding setting implement
(textcomp)             only a restricted character set as indicated.
(textcomp)             Family '?' is the default used for unknown fonts.
(textcomp)             See the documentation for details.
Package textcomp Info: Setting ? sub-encoding to TS1/1 on input line 71.

("C:\Program Files (x86)\MiKTeX 2.9\tex\latex\base\ts1enc.def"
File: ts1enc.def 2001/06/05 v3.0e (jk/car/fm) Standard LaTeX file
)
LaTeX Info: Redefining \oldstylenums on input line 266.
Package textcomp Info: Setting cmr sub-encoding to TS1/0 on input line 281.
Package textcomp Info: Setting cmss sub-encoding to TS1/0 on input line 282.
Package textcomp Info: Setting cmtt sub-encoding to TS1/0 on input line 283.
Package textcomp Info: Setting cmvtt sub-encoding to TS1/0 on input line 284.
Package textcomp Info: Setting cmbr sub-encoding to TS1/0 on input line 285.
Package textcomp Info: Setting cmtl sub-encoding to TS1/0 on input line 286.
Package textcomp Info: Setting ccr sub-encoding to TS1/0 on input line 287.
Package textcomp Info: Setting ptm sub-encoding to TS1/4 on input line 288.
Package textcomp Info: Setting pcr sub-encoding to TS1/4 on input line 289.
Package textcomp Info: Setting phv sub-encoding to TS1/4 on input line 290.
Package textcomp Info: Setting ppl sub-encoding to TS1/3 on input line 291.
Package textcomp Info: Setting pag sub-encoding to TS1/4 on input line 292.
Package textcomp Info: Setting pbk sub-encoding to TS1/4 on input line 293.
Package textcomp Info: Setting pnc sub-encoding to TS1/4 on input line 294.
Package textcomp Info: Setting pzc sub-encoding to TS1/4 on input line 295.
Package textcomp Info: Setting bch sub-encoding to TS1/4 on input line 296.
Package textcomp Info: Setting put sub-encoding to TS1/5 on input line 297.
Package textcomp Info: Setting uag sub-encoding to TS1/5 on input line 298.
Package textcomp Info: Setting ugq sub-encoding to TS1/5 on input line 299.
Package textcomp Info: Setting ul8 sub-encoding to TS1/4 on input line 300.
Package textcomp Info: Setting ul9 sub-encoding to TS1/4 on input line 301.
Package textcomp Info: Setting augie sub-encoding to TS1/5 on input line 302.
Package textcomp Info: Setting dayrom sub-encoding to TS1/3 on input line 303.
Package textcomp Info: Setting dayroms sub-encoding to TS1/3 on input line 304.

Package textcomp Info: Setting pxr sub-encoding to TS1/0 on input line 305.
Package textcomp Info: Setting pxss sub-encoding to TS1/0 on input line 306.
Package textcomp Info: Setting pxtt sub-encoding to TS1/0 on input line 307.
Package textcomp Info: Setting txr sub-encoding to TS1/0 on input line 308.
Package textcomp Info: Setting txss sub-encoding to TS1/0 on input line 309.
Package textcomp Info: Setting txtt sub-encoding to TS1/0 on input line 310.
Package textcomp Info: Setting lmr sub-encoding to TS1/0 on input line 311.
Package textcomp Info: Setting lmdh sub-encoding to TS1/0 on input line 312.
Package textcomp Info: Setting lmss sub-encoding to TS1/0 on input line 313.
Package textcomp Info: Setting lmssq sub-encoding to TS1/0 on input line 314.
Package textcomp Info: Setting lmvtt sub-encoding to TS1/0 on input line 315.
Package textcomp Info: Setting qhv sub-encoding to TS1/0 on input line 316.
Package textcomp Info: Setting qag sub-encoding to TS1/0 on input line 317.
Package textcomp Info: Setting qbk sub-encoding to TS1/0 on input line 318.
Package textcomp Info: Setting qcr sub-encoding to TS1/0 on input line 319.
Package textcomp Info: Setting qcs sub-encoding to TS1/0 on input line 320.
Package textcomp Info: Setting qpl sub-encoding to TS1/0 on input line 321.
Package textcomp Info: Setting qtm sub-encoding to TS1/0 on input line 322.
Package textcomp Info: Setting qzc sub-encoding to TS1/0 on input line 323.
Package textcomp Info: Setting qhvc sub-encoding to TS1/0 on input line 324.
Package textcomp Info: Setting futs sub-encoding to TS1/4 on input line 325.
Package textcomp Info: Setting futx sub-encoding to TS1/4 on input line 326.
Package textcomp Info: Setting futj sub-encoding to TS1/4 on input line 327.
Package textcomp Info: Setting hlh sub-encoding to TS1/3 on input line 328.
Package textcomp Info: Setting hls sub-encoding to TS1/3 on input line 329.
Package textcomp Info: Setting hlst sub-encoding to TS1/3 on input line 330.
Package textcomp Info: Setting hlct sub-encoding to TS1/5 on input line 331.
Package textcomp Info: Setting hlx sub-encoding to TS1/5 on input line 332.
Package textcomp Info: Setting hlce sub-encoding to TS1/5 on input line 333.
Package textcomp Info: Setting hlcn sub-encoding to TS1/5 on input line 334.
Package textcomp Info: Setting hlcw sub-encoding to TS1/5 on input line 335.
Package textcomp Info: Setting hlcf sub-encoding to TS1/5 on input line 336.
Package textcomp Info: Setting pplx sub-encoding to TS1/3 on input line 337.
Package textcomp Info: Setting pplj sub-encoding to TS1/3 on input line 338.
Package textcomp Info: Setting ptmx sub-encoding to TS1/4 on input line 339.
Package textcomp Info: Setting ptmj sub-encoding to TS1/4 on input line 340.
))
("C:\Program Files (x86)\MiKTeX 2.9\tex\latex\base\fontenc.sty"
Package: fontenc 2005/09/27 v1.99g Standard LaTeX package

("C:\Program Files (x86)\MiKTeX 2.9\tex\latex\base\t1enc.def"
File: t1enc.def 2005/09/27 v1.99g Standard LaTeX file
LaTeX Font Info:    Redeclaring font encoding T1 on input line 43.
))
("C:\Program Files (x86)\MiKTeX 2.9\tex\latex\ae\ae.sty"
Package: ae 2001/02/12 1.3 Almost European Computer Modern

("C:\Program Files (x86)\MiKTeX 2.9\tex\latex\base\fontenc.sty"
Package: fontenc 2005/09/27 v1.99g Standard LaTeX package

("C:\Program Files (x86)\MiKTeX 2.9\tex\latex\base\t1enc.def"
File: t1enc.def 2005/09/27 v1.99g Standard LaTeX file
LaTeX Font Info:    Redeclaring font encoding T1 on input line 43.
)
LaTeX Font Info:    Try loading font information for T1+aer on input line 100.

("C:\Program Files (x86)\MiKTeX 2.9\tex\latex\ae\t1aer.fd"
File: t1aer.fd 1997/11/16 Font definitions for T1/aer.
))))
(D:\LADData\RCodes\EGRET\inst\doc\EGRET.aux)
LaTeX Font Info:    Checking defaults for OML/cmm/m/it on input line 45.
LaTeX Font Info:    ... okay on input line 45.
LaTeX Font Info:    Checking defaults for T1/cmr/m/n on input line 45.
LaTeX Font Info:    ... okay on input line 45.
LaTeX Font Info:    Checking defaults for OT1/cmr/m/n on input line 45.
LaTeX Font Info:    ... okay on input line 45.
LaTeX Font Info:    Checking defaults for OMS/cmsy/m/n on input line 45.
LaTeX Font Info:    ... okay on input line 45.
LaTeX Font Info:    Checking defaults for OMX/cmex/m/n on input line 45.
LaTeX Font Info:    ... okay on input line 45.
LaTeX Font Info:    Checking defaults for U/cmr/m/n on input line 45.
LaTeX Font Info:    ... okay on input line 45.
LaTeX Font Info:    Checking defaults for PD1/pdf/m/n on input line 45.
LaTeX Font Info:    ... okay on input line 45.
LaTeX Font Info:    Checking defaults for TS1/cmr/m/n on input line 45.
LaTeX Font Info:    Try loading font information for TS1+cmr on input line 45.

("C:\Program Files (x86)\MiKTeX 2.9\tex\latex\base\ts1cmr.fd"
File: ts1cmr.fd 1999/05/25 v2.5h Standard LaTeX font definitions
)
LaTeX Font Info:    ... okay on input line 45.
\AtBeginShipoutBox=\box30
Package hyperref Info: Link coloring OFF on input line 45.

("C:\Program Files (x86)\MiKTeX 2.9\tex\latex\hyperref\nameref.sty"
Package: nameref 2010/04/30 v2.40 Cross-referencing by name of section

("C:\Program Files (x86)\MiKTeX 2.9\tex\generic\oberdiek\gettitlestring.sty"
Package: gettitlestring 2010/12/03 v1.4 Cleanup title references (HO)
)
\c@section@level=\count122
)
LaTeX Info: Redefining \ref on input line 45.
LaTeX Info: Redefining \pageref on input line 45.
LaTeX Info: Redefining \nameref on input line 45.

(D:\LADData\RCodes\EGRET\inst\doc\EGRET.out)
(D:\LADData\RCodes\EGRET\inst\doc\EGRET.out)
\@outlinefile=\write4
Package caption Info: Begin \AtBeginDocument code.
Package caption Info: End \AtBeginDocument code.

(C:\Users\ldecicco\AppData\Roaming\MiKTeX\2.9\tex\context\base\supp-pdf.mkii
[Loading MPS to PDF converter (version 2006.09.02).]
\scratchcounter=\count123
\scratchdimen=\dimen133
\scratchbox=\box31
\nofMPsegments=\count124
\nofMParguments=\count125
\everyMPshowfont=\toks22
\MPscratchCnt=\count126
\MPscratchDim=\dimen134
\MPnumerator=\count127
\makeMPintoPDFobject=\count128
\everyMPtoPDFconversion=\toks23
) (D:\LADData\RCodes\EGRET\inst\doc\EGRET-concordance.tex)
(D:\LADData\RCodes\EGRET\inst\doc\EGRET.toc
Overfull \vbox (21.68121pt too high) has occurred while \output is active []


[1

{C:/Users/ldecicco/AppData/Local/MiKTeX/2.9/pdftex/config/pdftex.map}])
\tf@toc=\write5
LaTeX Font Info:    Try loading font information for T1+aett on input line 76.

("C:\Program Files (x86)\MiKTeX 2.9\tex\latex\ae\t1aett.fd"
File: t1aett.fd 1997/11/16 Font definitions for T1/aett.
)
Overfull \vbox (21.68121pt too high) has occurred while \output is active []


[2]
Overfull \vbox (21.68121pt too high) has occurred while \output is active []


[3]
Overfull \vbox (21.68121pt too high) has occurred while \output is active []


[4]
Overfull \hbox (18.61671pt too wide) in paragraph at lines 219--232
 [] 
 []


Overfull \vbox (21.68121pt too high) has occurred while \output is active []


[5]
Overfull \vbox (21.68121pt too high) has occurred while \output is active []


[6]
Overfull \vbox (21.68121pt too high) has occurred while \output is active []


[7]
Overfull \vbox (21.68121pt too high) has occurred while \output is active []


[8] <EGRET-figplotFlowSingle.pdf, id=213, 433.62pt x 433.62pt>
File: EGRET-figplotFlowSingle.pdf Graphic file (type pdf)

<use EGRET-figplotFlowSingle.pdf>
Package pdftex.def Info: EGRET-figplotFlowSingle.pdf used on input line 436.
(pdftex.def)             Requested size: 179.23018pt x 179.22774pt.

<EGRET-figplotSDLogQ.pdf, id=214, 433.62pt x 433.62pt>
File: EGRET-figplotSDLogQ.pdf Graphic file (type pdf)

<use EGRET-figplotSDLogQ.pdf>
Package pdftex.def Info: EGRET-figplotSDLogQ.pdf used on input line 446.
(pdftex.def)             Requested size: 179.23018pt x 179.22774pt.

Overfull \hbox (19.08807pt too wide) in paragraph at lines 433--451
[]$[]$   $[]$ 
 []

<EGRET-figplotQTimeDaily.pdf, id=215, 433.62pt x 433.62pt>
File: EGRET-figplotQTimeDaily.pdf Graphic file (type pdf)

<use EGRET-figplotQTimeDaily.pdf>
Package pdftex.def Info: EGRET-figplotQTimeDaily.pdf used on input line 460.
(pdftex.def)             Requested size: 179.23018pt x 179.22774pt.

<EGRET-figplotFour.pdf, id=216, 433.62pt x 433.62pt>
File: EGRET-figplotFour.pdf Graphic file (type pdf)

<use EGRET-figplotFour.pdf>
Package pdftex.def Info: EGRET-figplotFour.pdf used on input line 474.
(pdftex.def)             Requested size: 358.46039pt x 358.47534pt.

<EGRET-figplotFourStats.pdf, id=217, 433.62pt x 433.62pt>
File: EGRET-figplotFourStats.pdf Graphic file (type pdf)

<use EGRET-figplotFourStats.pdf>
Package pdftex.def Info: EGRET-figplotFourStats.pdf used on input line 484.
(pdftex.def)             Requested size: 358.46039pt x 358.47534pt.

Overfull \vbox (21.68121pt too high) has occurred while \output is active []


[9]
Overfull \vbox (21.68121pt too high) has occurred while \output is active []


[10 <D:/LADData/RCodes/EGRET/inst/doc/EGRET-figplotFlowSingle.pdf> <D:/LADData/
RCodes/EGRET/inst/doc/EGRET-figplotSDLogQ.pdf> <D:/LADData/RCodes/EGRET/inst/do
c/EGRET-figplotQTimeDaily.pdf>]
Overfull \vbox (21.68121pt too high) has occurred while \output is active []


[11 <D:/LADData/RCodes/EGRET/inst/doc/EGRET-figplotFour.pdf>]
Overfull \vbox (21.68121pt too high) has occurred while \output is active []


[12 <D:/LADData/RCodes/EGRET/inst/doc/EGRET-figplotFourStats.pdf>]
<EGRET-fig3a.pdf, id=269, 433.62pt x 433.62pt>
File: EGRET-fig3a.pdf Graphic file (type pdf)
 <use EGRET-fig3a.pdf>
Package pdftex.def Info: EGRET-fig3a.pdf used on input line 513.
(pdftex.def)             Requested size: 179.23018pt x 179.22774pt.

<EGRET-fig3b.pdf, id=270, 433.62pt x 433.62pt>
File: EGRET-fig3b.pdf Graphic file (type pdf)
 <use EGRET-fig3b.pdf>
Package pdftex.def Info: EGRET-fig3b.pdf used on input line 523.
(pdftex.def)             Requested size: 179.23018pt x 179.22774pt.

Overfull \hbox (19.08807pt too wide) in paragraph at lines 510--528
[]$[]$   $[]$ 
 []


Overfull \vbox (21.68121pt too high) has occurred while \output is active []


[13

 <D:/LADData/RCodes/EGRET/inst/doc/EGRET-fig3a.pdf> <D:/LADData/RCodes/EGRET/in
st/doc/EGRET-fig3b.pdf>]
LaTeX Font Info:    Try loading font information for TS1+aer on input line 567.


(C:/PROGRA~1/R/R-215~1.2/share/texmf/tex/latex\ts1aer.fd
File: ts1aer.fd 
)
LaTeX Font Info:    Font shape `TS1/aer/m/n' in size <10.95> not available
(Font)              Font shape `TS1/cmr/m/n' tried instead on input line 567.

Overfull \vbox (21.68121pt too high) has occurred while \output is active []


[14]
Overfull \vbox (21.68121pt too high) has occurred while \output is active []


[15] <EGRET-figboxConcMonth.pdf, id=301, 433.62pt x 433.62pt>
File: EGRET-figboxConcMonth.pdf Graphic file (type pdf)

<use EGRET-figboxConcMonth.pdf>
Package pdftex.def Info: EGRET-figboxConcMonth.pdf used on input line 666.
(pdftex.def)             Requested size: 179.23018pt x 179.22774pt.

<EGRET-figboxQTwice.pdf, id=302, 433.62pt x 433.62pt>
File: EGRET-figboxQTwice.pdf Graphic file (type pdf)

<use EGRET-figboxQTwice.pdf>
Package pdftex.def Info: EGRET-figboxQTwice.pdf used on input line 676.
(pdftex.def)             Requested size: 179.23018pt x 179.22774pt.

Overfull \hbox (19.08807pt too wide) in paragraph at lines 663--681
[]$[]$   $[]$ 
 []

<EGRET-figplotConcTime.pdf, id=303, 433.62pt x 433.62pt>
File: EGRET-figplotConcTime.pdf Graphic file (type pdf)

<use EGRET-figplotConcTime.pdf>
Package pdftex.def Info: EGRET-figplotConcTime.pdf used on input line 691.
(pdftex.def)             Requested size: 179.23018pt x 179.22774pt.

<EGRET-figplotLogConcTime.pdf, id=304, 433.62pt x 433.62pt>
File: EGRET-figplotLogConcTime.pdf Graphic file (type pdf)

<use EGRET-figplotLogConcTime.pdf>
Package pdftex.def Info: EGRET-figplotLogConcTime.pdf used on input line 701.
(pdftex.def)             Requested size: 179.23018pt x 179.22774pt.

Overfull \hbox (19.08807pt too wide) in paragraph at lines 688--706
[]$[]$   $[]$ 
 []

<EGRET-figplotConcQ.pdf, id=305, 433.62pt x 433.62pt>
File: EGRET-figplotConcQ.pdf Graphic file (type pdf)

<use EGRET-figplotConcQ.pdf>
Package pdftex.def Info: EGRET-figplotConcQ.pdf used on input line 715.
(pdftex.def)             Requested size: 179.23018pt x 179.22774pt.

<EGRET-figplotLogConcQ.pdf, id=306, 433.62pt x 433.62pt>
File: EGRET-figplotLogConcQ.pdf Graphic file (type pdf)

<use EGRET-figplotLogConcQ.pdf>
Package pdftex.def Info: EGRET-figplotLogConcQ.pdf used on input line 725.
(pdftex.def)             Requested size: 179.23018pt x 179.22774pt.

Overfull \hbox (19.08807pt too wide) in paragraph at lines 712--730
[]$[]$   $[]$ 
 []

<EGRET-figplotLogFluxQ.pdf, id=307, 433.62pt x 433.62pt>
File: EGRET-figplotLogFluxQ.pdf Graphic file (type pdf)

<use EGRET-figplotLogFluxQ.pdf>
Package pdftex.def Info: EGRET-figplotLogFluxQ.pdf used on input line 740.
(pdftex.def)             Requested size: 179.23018pt x 179.22774pt.

<EGRET-figmultiPlotDataOverview.pdf, id=308, 433.62pt x 433.62pt>
File: EGRET-figmultiPlotDataOverview.pdf Graphic file (type pdf)

<use EGRET-figmultiPlotDataOverview.pdf>
Package pdftex.def Info: EGRET-figmultiPlotDataOverview.pdf used on input line 
755.
(pdftex.def)             Requested size: 358.46039pt x 358.47534pt.

Overfull \vbox (21.68121pt too high) has occurred while \output is active []


[16]
Overfull \vbox (21.68121pt too high) has occurred while \output is active []


[17 <D:/LADData/RCodes/EGRET/inst/doc/EGRET-figboxConcMonth.pdf> <D:/LADData/RC
odes/EGRET/inst/doc/EGRET-figboxQTwice.pdf> <D:/LADData/RCodes/EGRET/inst/doc/E
GRET-figplotConcTime.pdf> <D:/LADData/RCodes/EGRET/inst/doc/EGRET-figplotLogCon
cTime.pdf>]
Overfull \vbox (21.68121pt too high) has occurred while \output is active []


[18 <D:/LADData/RCodes/EGRET/inst/doc/EGRET-figplotConcQ.pdf> <D:/LADData/RCode
s/EGRET/inst/doc/EGRET-figplotLogConcQ.pdf> <D:/LADData/RCodes/EGRET/inst/doc/E
GRET-figplotLogFluxQ.pdf>]
Overfull \vbox (21.68121pt too high) has occurred while \output is active []


[19 <D:/LADData/RCodes/EGRET/inst/doc/EGRET-figmultiPlotDataOverview.pdf>]
Overfull \vbox (21.68121pt too high) has occurred while \output is active []


[20]
Overfull \vbox (21.68121pt too high) has occurred while \output is active []


[21] <EGRET-figboxResidMonth.pdf, id=392, 433.62pt x 433.62pt>
File: EGRET-figboxResidMonth.pdf Graphic file (type pdf)

<use EGRET-figboxResidMonth.pdf>
Package pdftex.def Info: EGRET-figboxResidMonth.pdf used on input line 883.
(pdftex.def)             Requested size: 179.23018pt x 179.22774pt.

<EGRET-figplotConcTimeDaily.pdf, id=393, 433.62pt x 433.62pt>
File: EGRET-figplotConcTimeDaily.pdf Graphic file (type pdf)

<use EGRET-figplotConcTimeDaily.pdf>
Package pdftex.def Info: EGRET-figplotConcTimeDaily.pdf used on input line 893.

(pdftex.def)             Requested size: 179.23018pt x 179.22774pt.

Overfull \hbox (19.08807pt too wide) in paragraph at lines 880--898
[]$[]$   $[]$ 
 []

<EGRET-figplotFluxTimeDaily.pdf, id=394, 433.62pt x 433.62pt>
File: EGRET-figplotFluxTimeDaily.pdf Graphic file (type pdf)

<use EGRET-figplotFluxTimeDaily.pdf>
Package pdftex.def Info: EGRET-figplotFluxTimeDaily.pdf used on input line 908.

(pdftex.def)             Requested size: 179.23018pt x 179.22774pt.

<EGRET-figplotConcPred.pdf, id=395, 433.62pt x 433.62pt>
File: EGRET-figplotConcPred.pdf Graphic file (type pdf)

<use EGRET-figplotConcPred.pdf>
Package pdftex.def Info: EGRET-figplotConcPred.pdf used on input line 918.
(pdftex.def)             Requested size: 179.23018pt x 179.22774pt.

Overfull \hbox (19.08807pt too wide) in paragraph at lines 905--923
[]$[]$   $[]$ 
 []

<EGRET-figplotFluxPred.pdf, id=396, 433.62pt x 433.62pt>
File: EGRET-figplotFluxPred.pdf Graphic file (type pdf)

<use EGRET-figplotFluxPred.pdf>
Package pdftex.def Info: EGRET-figplotFluxPred.pdf used on input line 934.
(pdftex.def)             Requested size: 179.23018pt x 179.22774pt.

<EGRET-figplotLogConcPred.pdf, id=397, 433.62pt x 433.62pt>
File: EGRET-figplotLogConcPred.pdf Graphic file (type pdf)

<use EGRET-figplotLogConcPred.pdf>
Package pdftex.def Info: EGRET-figplotLogConcPred.pdf used on input line 944.
(pdftex.def)             Requested size: 179.23018pt x 179.22774pt.

Overfull \hbox (19.08807pt too wide) in paragraph at lines 931--949
[]$[]$   $[]$ 
 []

<EGRET-figplotLogFluxPred.pdf, id=398, 433.62pt x 433.62pt>
File: EGRET-figplotLogFluxPred.pdf Graphic file (type pdf)

<use EGRET-figplotLogFluxPred.pdf>
Package pdftex.def Info: EGRET-figplotLogFluxPred.pdf used on input line 960.
(pdftex.def)             Requested size: 179.23018pt x 179.22774pt.

<EGRET-figplotResidPred.pdf, id=399, 433.62pt x 433.62pt>
File: EGRET-figplotResidPred.pdf Graphic file (type pdf)

<use EGRET-figplotResidPred.pdf>
Package pdftex.def Info: EGRET-figplotResidPred.pdf used on input line 970.
(pdftex.def)             Requested size: 179.23018pt x 179.22774pt.

Overfull \hbox (19.08807pt too wide) in paragraph at lines 957--975
[]$[]$   $[]$ 
 []

<EGRET-figplotResidQ.pdf, id=400, 433.62pt x 433.62pt>
File: EGRET-figplotResidQ.pdf Graphic file (type pdf)

<use EGRET-figplotResidQ.pdf>
Package pdftex.def Info: EGRET-figplotResidQ.pdf used on input line 985.
(pdftex.def)             Requested size: 179.23018pt x 179.22774pt.

<EGRET-figplotResidTime.pdf, id=401, 433.62pt x 433.62pt>
File: EGRET-figplotResidTime.pdf Graphic file (type pdf)

<use EGRET-figplotResidTime.pdf>
Package pdftex.def Info: EGRET-figplotResidTime.pdf used on input line 995.
(pdftex.def)             Requested size: 179.23018pt x 179.22774pt.

Overfull \hbox (19.08807pt too wide) in paragraph at lines 982--1000
[]$[]$   $[]$ 
 []

<EGRET-figfluxBiasMulti.pdf, id=402, 433.62pt x 433.62pt>
File: EGRET-figfluxBiasMulti.pdf Graphic file (type pdf)

<use EGRET-figfluxBiasMulti.pdf>
Package pdftex.def Info: EGRET-figfluxBiasMulti.pdf used on input line 1010.
(pdftex.def)             Requested size: 358.46039pt x 358.47534pt.

<EGRET-figplotConcHist.pdf, id=403, 433.62pt x 433.62pt>
File: EGRET-figplotConcHist.pdf Graphic file (type pdf)

<use EGRET-figplotConcHist.pdf>
Package pdftex.def Info: EGRET-figplotConcHist.pdf used on input line 1022.
(pdftex.def)             Requested size: 179.23018pt x 179.22774pt.

<EGRET-figplotFluxHist.pdf, id=404, 433.62pt x 433.62pt>
File: EGRET-figplotFluxHist.pdf Graphic file (type pdf)

<use EGRET-figplotFluxHist.pdf>
Package pdftex.def Info: EGRET-figplotFluxHist.pdf used on input line 1032.
(pdftex.def)             Requested size: 179.23018pt x 179.22774pt.

Overfull \hbox (19.08807pt too wide) in paragraph at lines 1019--1037
[]$[]$   $[]$ 
 []

<EGRET-figplotContours.pdf, id=405, 578.16pt x 433.62pt>
File: EGRET-figplotContours.pdf Graphic file (type pdf)

<use EGRET-figplotContours.pdf>
Package pdftex.def Info: EGRET-figplotContours.pdf used on input line 1047.
(pdftex.def)             Requested size: 358.46039pt x 268.84161pt.

<EGRET-figplotDiffContours.pdf, id=406, 578.16pt x 433.62pt>
File: EGRET-figplotDiffContours.pdf Graphic file (type pdf)

<use EGRET-figplotDiffContours.pdf>
Package pdftex.def Info: EGRET-figplotDiffContours.pdf used on input line 1058.

(pdftex.def)             Requested size: 358.46039pt x 268.84161pt.

<EGRET-figplotConcQSmooth.pdf, id=407, 433.62pt x 433.62pt>
File: EGRET-figplotConcQSmooth.pdf Graphic file (type pdf)

<use EGRET-figplotConcQSmooth.pdf>
Package pdftex.def Info: EGRET-figplotConcQSmooth.pdf used on input line 1070.
(pdftex.def)             Requested size: 179.23018pt x 179.22774pt.

<EGRET-figplotLogConcQSmooth.pdf, id=408, 433.62pt x 433.62pt>
File: EGRET-figplotLogConcQSmooth.pdf Graphic file (type pdf)

<use EGRET-figplotLogConcQSmooth.pdf>
Package pdftex.def Info: EGRET-figplotLogConcQSmooth.pdf used on input line 108
0.
(pdftex.def)             Requested size: 179.23018pt x 179.22774pt.

Overfull \hbox (19.08807pt too wide) in paragraph at lines 1067--1085
[]$[]$   $[]$ 
 []


Overfull \vbox (21.68121pt too high) has occurred while \output is active []


[22 <D:/LADData/RCodes/EGRET/inst/doc/EGRET-figboxResidMonth.pdf> <D:/LADData/R
Codes/EGRET/inst/doc/EGRET-figplotConcTimeDaily.pdf> <D:/LADData/RCodes/EGRET/i
nst/doc/EGRET-figplotFluxTimeDaily.pdf> <D:/LADData/RCodes/EGRET/inst/doc/EGRET
-figplotConcPred.pdf>]
Overfull \vbox (21.68121pt too high) has occurred while \output is active []


[23 <D:/LADData/RCodes/EGRET/inst/doc/EGRET-figplotFluxPred.pdf> <D:/LADData/RC
odes/EGRET/inst/doc/EGRET-figplotLogConcPred.pdf> <D:/LADData/RCodes/EGRET/inst
/doc/EGRET-figplotLogFluxPred.pdf> <D:/LADData/RCodes/EGRET/inst/doc/EGRET-figp
lotResidPred.pdf>]
<EGRET-figplotConcTimeSmooth.pdf, id=469, 433.62pt x 433.62pt>
File: EGRET-figplotConcTimeSmooth.pdf Graphic file (type pdf)

<use EGRET-figplotConcTimeSmooth.pdf>
Package pdftex.def Info: EGRET-figplotConcTimeSmooth.pdf used on input line 111
8.
(pdftex.def)             Requested size: 179.23018pt x 179.22774pt.

Overfull \vbox (21.68121pt too high) has occurred while \output is active []


[24 <D:/LADData/RCodes/EGRET/inst/doc/EGRET-figplotResidQ.pdf> <D:/LADData/RCod
es/EGRET/inst/doc/EGRET-figplotResidTime.pdf>]
Overfull \vbox (21.68121pt too high) has occurred while \output is active []


[25 <D:/LADData/RCodes/EGRET/inst/doc/EGRET-figfluxBiasMulti.pdf>]
Overfull \vbox (21.68121pt too high) has occurred while \output is active []


[26 <D:/LADData/RCodes/EGRET/inst/doc/EGRET-figplotConcHist.pdf> <D:/LADData/RC
odes/EGRET/inst/doc/EGRET-figplotFluxHist.pdf> <D:/LADData/RCodes/EGRET/inst/do
c/EGRET-figplotContours.pdf>]
Overfull \vbox (21.68121pt too high) has occurred while \output is active []


[27 <D:/LADData/RCodes/EGRET/inst/doc/EGRET-figplotDiffContours.pdf> <D:/LADDat
a/RCodes/EGRET/inst/doc/EGRET-figplotConcQSmooth.pdf> <D:/LADData/RCodes/EGRET/
inst/doc/EGRET-figplotLogConcQSmooth.pdf>]
Overfull \vbox (21.68121pt too high) has occurred while \output is active []


[28 <D:/LADData/RCodes/EGRET/inst/doc/EGRET-figplotConcTimeSmooth.pdf>]
Overfull \hbox (50.28142pt too wide) in paragraph at lines 1180--1198
 [] 
 []


Overfull \vbox (21.68121pt too high) has occurred while \output is active []


[29

]
Overfull \vbox (21.68121pt too high) has occurred while \output is active []


[30]
Overfull \vbox (21.68121pt too high) has occurred while \output is active []


[31]
Overfull \vbox (21.68121pt too high) has occurred while \output is active []


[32

]
Overfull \vbox (21.68121pt too high) has occurred while \output is active []


[33]
Overfull \vbox (21.68121pt too high) has occurred while \output is active []


[34]
Overfull \vbox (21.68121pt too high) has occurred while \output is active []


[35

]
Overfull \vbox (21.68121pt too high) has occurred while \output is active []


[36

]
Overfull \vbox (21.68121pt too high) has occurred while \output is active []


[37

]
Overfull \vbox (21.68121pt too high) has occurred while \output is active []


[38]
Overfull \vbox (21.68121pt too high) has occurred while \output is active []


[39]
Package atveryend Info: Empty hook `BeforeClearDocument' on input line 1539.

Overfull \vbox (21.68121pt too high) has occurred while \output is active []


[40


]
Package atveryend Info: Empty hook `AfterLastShipout' on input line 1539.
 (D:\LADData\RCodes\EGRET\inst\doc\EGRET.aux)
Package atveryend Info: Executing hook `AtVeryEndDocument' on input line 1539.
Package atveryend Info: Executing hook `AtEndAfterFileList' on input line 1539.

Package rerunfilecheck Info: File `EGRET.out' has not changed.
(rerunfilecheck)             Checksum: 4505ED4E1603EB15B9656F1E8A46277C;1649.
 ) 
Here is how much of TeX's memory you used:
 8890 strings out of 494045
 133789 string characters out of 3145960
 223820 words of memory out of 3000000
 11875 multiletter control sequences out of 15000+200000
 47275 words of font info for 94 fonts, out of 3000000 for 9000
 715 hyphenation exceptions out of 8191
 42i,12n,40p,1024b,510s stack positions out of 5000i,500n,10000p,200000b,50000s
 <C:\Users\ldecicco\AppData\Local\MiKTeX\2.9\fonts\pk\ljfour\jknappen\ec\dpi6
00\tcrm1095.pk><C:/Program Files (x86)/MiKTeX 2.9/fonts/type1/public/amsfonts/c
m/cmbx10.pfb><C:/Program Files (x86)/MiKTeX 2.9/fonts/type1/public/amsfonts/cm/
cmbx12.pfb><C:/Program Files (x86)/MiKTeX 2.9/fonts/type1/public/amsfonts/cm/cm
mi10.pfb><C:/Program Files (x86)/MiKTeX 2.9/fonts/type1/public/amsfonts/cm/cmr1
0.pfb><C:/Program Files (x86)/MiKTeX 2.9/fonts/type1/public/amsfonts/cm/cmr12.p
fb><C:/Program Files (x86)/MiKTeX 2.9/fonts/type1/public/amsfonts/cm/cmr17.pfb>
<C:/Program Files (x86)/MiKTeX 2.9/fonts/type1/public/amsfonts/cm/cmr6.pfb><C:/
Program Files (x86)/MiKTeX 2.9/fonts/type1/public/amsfonts/cm/cmr7.pfb><C:/Prog
ram Files (x86)/MiKTeX 2.9/fonts/type1/public/amsfonts/cm/cmr8.pfb><C:/Program 
Files (x86)/MiKTeX 2.9/fonts/type1/public/amsfonts/cm/cmr9.pfb><C:/Program File
s (x86)/MiKTeX 2.9/fonts/type1/public/amsfonts/cm/cmsltt10.pfb><C:/Program File
s (x86)/MiKTeX 2.9/fonts/type1/public/amsfonts/cm/cmti10.pfb><C:/Program Files 
(x86)/MiKTeX 2.9/fonts/type1/public/amsfonts/cm/cmtt10.pfb>
Output written on EGRET.pdf (40 pages, 1024868 bytes).
PDF statistics:
 718 PDF objects out of 1000 (max. 8388607)
 108 named destinations out of 1000 (max. 500000)
 370 words of extra memory for PDF output out of 10000 (max. 10000000)

